<?xml version="1.0" encoding="UTF-8"?>
<testsuites name="TSC_2Practicesuitecollection" time="579.646" tests="15" failures="0" errors="0">
   <testsuite name="Login" tests="2" failures="0" errors="0" time="29.397" skipped="0" timestamp="18-05-2024T18:40:47" hostname="GA253NH - IN3268364W1.ey.net" id="Test Suites/Login">
      <properties>
         <property name="deviceName" value=""/>
         <property name="devicePlatform" value=""/>
         <property name="logFolder" value="C:\\Users\\GA253NH\\git\\katalonpractice\\Reports\\20240518_184029\\Login\\20240518_184030"/>
         <property name="logFiles" value="C:\\Users\\GA253NH\\git\\katalonpractice\\Reports\\20240518_184029\\Login\\20240518_184030\\execution0.log"/>
         <property name="attachments" value=""/>
         <property name="hostName" value="GA253NH - IN3268364W1.ey.net"/>
         <property name="os" value="Windows 10 64bit"/>
         <property name="katalonVersion" value="9.4.0.212"/>
         <property name="browser" value="Edge Chromium 124"/>
         <property name="hostAddress" value="192.168.0.141"/>
         <property name="sessionId" value="aacf0017682ae5d3459baa6e9dae0e0c"/>
         <property name="seleniumVersion" value="3.141.59"/>
         <property name="proxyInformation" value="ProxyInformation { proxyOption=NO_PROXY, proxyServerType=HTTP, username=, password=********, proxyServerAddress=, proxyServerPort=0, executionList=&quot;&quot;, isApplyToDesiredCapabilities=true }"/>
         <property name="platform" value="Windows 10"/>
      </properties>
      <testcase name="Test Cases/login" time="14.505" classname="Test Cases/login" status="PASSED">
         <system-out><![CDATA[18-05-2024T18:40:47 - [TEST_CASE][PASSED] - Test Cases/login: Test Cases/login

18-05-2024T18:40:47 - [TEST_STEP][PASSED] - openBrowser(""): Browser is opened with url: ''

18-05-2024T18:40:48 - [MESSAGE][INFO] - Starting 'Edge Chromium' driver

18-05-2024T18:40:51 - [MESSAGE][INFO] - Action delay is set to 0 milliseconds

18-05-2024T18:40:54 - [MESSAGE][PASSED] - Browser is opened with url: ''

18-05-2024T18:40:54 - [TEST_STEP][PASSED] - navigateToUrl("https://www.saucedemo.com/v1/"): Navigate to 'https://www.saucedemo.com/v1/' successfully

18-05-2024T18:40:56 - [MESSAGE][PASSED] - Navigate to 'https://www.saucedemo.com/v1/' successfully

18-05-2024T18:40:56 - [TEST_STEP][PASSED] - setText(findTestObject("Object Repository/order/Page_Swag Labs/input_standard_userlocked_out_userproblem_u_db77ac"), "standard_user"): Text 'standard_user' is set on object 'Object Repository/order/Page_Swag Labs/input_standard_userlocked_out_userproblem_u_db77ac'

18-05-2024T18:40:57 - [MESSAGE][PASSED] - Text 'standard_user' is set on object 'Object Repository/order/Page_Swag Labs/input_standard_userlocked_out_userproblem_u_db77ac'

18-05-2024T18:40:57 - [TEST_STEP][PASSED] - setEncryptedText(findTestObject("Object Repository/order/Page_Swag Labs/input_standard_userlocked_out_userproblem_u_3423e9"), "qcu24s4901FyWDTwXGr6XA=="): Text ****** has been set on object 'Object Repository/order/Page_Swag Labs/input_standard_userlocked_out_userproblem_u_3423e9'

18-05-2024T18:40:57 - [MESSAGE][PASSED] - Text ****** has been set on object 'Object Repository/order/Page_Swag Labs/input_standard_userlocked_out_userproblem_u_3423e9'

18-05-2024T18:40:57 - [TEST_STEP][PASSED] - click(findTestObject("Object Repository/order/Page_Swag Labs/input_standard_userlocked_out_userproblem_u_0dff71")): Object: 'Object Repository/order/Page_Swag Labs/input_standard_userlocked_out_userproblem_u_0dff71' is clicked on

18-05-2024T18:41:00 - [MESSAGE][PASSED] - Object: 'Object Repository/order/Page_Swag Labs/input_standard_userlocked_out_userproblem_u_0dff71' is clicked on

18-05-2024T18:41:00 - [TEST_STEP][PASSED] - click(findTestObject("Object Repository/order/Page_Swag Labs/button_Open Menu")): Object: 'Object Repository/order/Page_Swag Labs/button_Open Menu' is clicked on

18-05-2024T18:41:00 - [MESSAGE][PASSED] - Object: 'Object Repository/order/Page_Swag Labs/button_Open Menu' is clicked on

18-05-2024T18:41:00 - [TEST_STEP][PASSED] - click(findTestObject("Object Repository/order/Page_Swag Labs/a_Logout")): Object: 'Object Repository/order/Page_Swag Labs/a_Logout' is clicked on

18-05-2024T18:41:01 - [MESSAGE][PASSED] - Object: 'Object Repository/order/Page_Swag Labs/a_Logout' is clicked on

18-05-2024T18:41:01 - [TEST_STEP][PASSED] - closeBrowser(): Browser is closed

18-05-2024T18:41:02 - [MESSAGE][PASSED] - Browser is closed]]></system-out>
         <system-err><![CDATA[]]></system-err>
      </testcase>
      <testcase name="Test Cases/login2" time="14.642" classname="Test Cases/login2" status="PASSED">
         <system-out><![CDATA[18-05-2024T18:41:02 - [TEST_CASE][PASSED] - Test Cases/login2: Test Cases/login2

18-05-2024T18:41:02 - [TEST_STEP][PASSED] - openBrowser(""): Browser is opened with url: ''

18-05-2024T18:41:02 - [MESSAGE][INFO] - Starting 'Edge Chromium' driver

18-05-2024T18:41:04 - [MESSAGE][INFO] - Action delay is set to 0 milliseconds

18-05-2024T18:41:06 - [MESSAGE][PASSED] - Browser is opened with url: ''

18-05-2024T18:41:06 - [TEST_STEP][PASSED] - navigateToUrl("https://petstore.octoperf.com/"): Navigate to 'https://petstore.octoperf.com/' successfully

18-05-2024T18:41:08 - [MESSAGE][PASSED] - Navigate to 'https://petstore.octoperf.com/' successfully

18-05-2024T18:41:08 - [TEST_STEP][PASSED] - click(findTestObject("Object Repository/login2/Page_JPetStore Demo/a_Enter the Store")): Object: 'Object Repository/login2/Page_JPetStore Demo/a_Enter the Store' is clicked on

18-05-2024T18:41:10 - [MESSAGE][PASSED] - Object: 'Object Repository/login2/Page_JPetStore Demo/a_Enter the Store' is clicked on

18-05-2024T18:41:10 - [TEST_STEP][PASSED] - click(findTestObject("Object Repository/login2/Page_JPetStore Demo/a_Sign In")): Object: 'Object Repository/login2/Page_JPetStore Demo/a_Sign In' is clicked on

18-05-2024T18:41:11 - [MESSAGE][PASSED] - Object: 'Object Repository/login2/Page_JPetStore Demo/a_Sign In' is clicked on

18-05-2024T18:41:11 - [TEST_STEP][PASSED] - setText(findTestObject("Object Repository/login2/Page_JPetStore Demo/input_Need a user name and password_username"), "mohan1"): Text 'mohan1' is set on object 'Object Repository/login2/Page_JPetStore Demo/input_Need a user name and password_username'

18-05-2024T18:41:12 - [MESSAGE][PASSED] - Text 'mohan1' is set on object 'Object Repository/login2/Page_JPetStore Demo/input_Need a user name and password_username'

18-05-2024T18:41:12 - [TEST_STEP][PASSED] - setEncryptedText(findTestObject("Object Repository/login2/Page_JPetStore Demo/input_Need a user name and password_password"), "NXt0rM6HQe0="): Text ****** has been set on object 'Object Repository/login2/Page_JPetStore Demo/input_Need a user name and password_password'

18-05-2024T18:41:12 - [MESSAGE][PASSED] - Text ****** has been set on object 'Object Repository/login2/Page_JPetStore Demo/input_Need a user name and password_password'

18-05-2024T18:41:12 - [TEST_STEP][PASSED] - click(findTestObject("Object Repository/login2/Page_JPetStore Demo/input_Need a user name and password_signon")): Object: 'Object Repository/login2/Page_JPetStore Demo/input_Need a user name and password_signon' is clicked on

18-05-2024T18:41:13 - [MESSAGE][PASSED] - Object: 'Object Repository/login2/Page_JPetStore Demo/input_Need a user name and password_signon' is clicked on

18-05-2024T18:41:13 - [TEST_STEP][PASSED] - click(findTestObject("Object Repository/login2/Page_JPetStore Demo/a_My Account")): Object: 'Object Repository/login2/Page_JPetStore Demo/a_My Account' is clicked on

18-05-2024T18:41:14 - [MESSAGE][PASSED] - Object: 'Object Repository/login2/Page_JPetStore Demo/a_My Account' is clicked on

18-05-2024T18:41:14 - [TEST_STEP][PASSED] - verifyElementText(findTestObject("Object Repository/login2/Page_JPetStore Demo/td_mohan1"), "mohan1"): Actual text and expected text of test object 'Object Repository/login2/Page_JPetStore Demo/td_mohan1' are matched.

18-05-2024T18:41:14 - [MESSAGE][PASSED] - Actual text and expected text of test object 'Object Repository/login2/Page_JPetStore Demo/td_mohan1' are matched.

18-05-2024T18:41:14 - [TEST_STEP][PASSED] - click(findTestObject("Object Repository/login2/Page_JPetStore Demo/a_Sign Out")): Object: 'Object Repository/login2/Page_JPetStore Demo/a_Sign Out' is clicked on

18-05-2024T18:41:15 - [MESSAGE][PASSED] - Object: 'Object Repository/login2/Page_JPetStore Demo/a_Sign Out' is clicked on

18-05-2024T18:41:15 - [TEST_STEP][PASSED] - closeBrowser(): Browser is closed

18-05-2024T18:41:16 - [MESSAGE][PASSED] - Browser is closed]]></system-out>
         <system-err><![CDATA[]]></system-err>
      </testcase>
      <system-out><![CDATA[18-05-2024T18:40:47 - [TEST_SUITE][PASSED] - Login: Test Cases/login2]]></system-out>
      <system-err><![CDATA[]]></system-err>
   </testsuite>
   <testsuite name="TS_1Testopsgitsuite" tests="1" failures="0" errors="0" time="22.48" skipped="0" timestamp="18-05-2024T18:41:22" hostname="GA253NH - IN3268364W1.ey.net" id="Test Suites/TS_1Testopsgitsuite">
      <properties>
         <property name="deviceName" value=""/>
         <property name="devicePlatform" value=""/>
         <property name="logFolder" value="C:\\Users\\GA253NH\\git\\katalonpractice\\Reports\\20240518_184029\\TS_1Testopsgitsuite\\20240518_184032"/>
         <property name="logFiles" value="C:\\Users\\GA253NH\\git\\katalonpractice\\Reports\\20240518_184029\\TS_1Testopsgitsuite\\20240518_184032\\execution0.log"/>
         <property name="attachments" value=""/>
         <property name="hostName" value="GA253NH - IN3268364W1.ey.net"/>
         <property name="os" value="Windows 10 64bit"/>
         <property name="katalonVersion" value="9.4.0.212"/>
         <property name="browser" value="Edge Chromium 124"/>
         <property name="hostAddress" value="192.168.0.141"/>
         <property name="sessionId" value="baa0a9a03858c174c141b3fedbb75a81"/>
         <property name="seleniumVersion" value="3.141.59"/>
         <property name="proxyInformation" value="ProxyInformation { proxyOption=NO_PROXY, proxyServerType=HTTP, username=, password=********, proxyServerAddress=, proxyServerPort=0, executionList=&quot;&quot;, isApplyToDesiredCapabilities=true }"/>
         <property name="platform" value="Windows 10"/>
      </properties>
      <testcase name="Test Cases/TC_1Testopsgit" time="22.26" classname="Test Cases/TC_1Testopsgit" status="PASSED">
         <system-out><![CDATA[18-05-2024T18:41:23 - [TEST_CASE][PASSED] - Test Cases/TC_1Testopsgit: Test Cases/TC_1Testopsgit

18-05-2024T18:41:23 - [TEST_STEP][PASSED] - openBrowser(""): Browser is opened with url: ''

18-05-2024T18:41:23 - [MESSAGE][INFO] - Starting 'Edge Chromium' driver

18-05-2024T18:41:27 - [MESSAGE][INFO] - Action delay is set to 0 milliseconds

18-05-2024T18:41:29 - [MESSAGE][PASSED] - Browser is opened with url: ''

18-05-2024T18:41:29 - [TEST_STEP][PASSED] - navigateToUrl("https://www.saucedemo.com/v1/"): Navigate to 'https://www.saucedemo.com/v1/' successfully

18-05-2024T18:41:31 - [MESSAGE][PASSED] - Navigate to 'https://www.saucedemo.com/v1/' successfully

18-05-2024T18:41:31 - [TEST_STEP][PASSED] - setText(findTestObject("Object Repository/order/Page_Swag Labs/input_standard_userlocked_out_userproblem_u_db77ac"), "standard_user"): Text 'standard_user' is set on object 'Object Repository/order/Page_Swag Labs/input_standard_userlocked_out_userproblem_u_db77ac'

18-05-2024T18:41:32 - [MESSAGE][PASSED] - Text 'standard_user' is set on object 'Object Repository/order/Page_Swag Labs/input_standard_userlocked_out_userproblem_u_db77ac'

18-05-2024T18:41:32 - [TEST_STEP][PASSED] - setEncryptedText(findTestObject("Object Repository/order/Page_Swag Labs/input_standard_userlocked_out_userproblem_u_3423e9"), "qcu24s4901FyWDTwXGr6XA=="): Text ****** has been set on object 'Object Repository/order/Page_Swag Labs/input_standard_userlocked_out_userproblem_u_3423e9'

18-05-2024T18:41:32 - [MESSAGE][PASSED] - Text ****** has been set on object 'Object Repository/order/Page_Swag Labs/input_standard_userlocked_out_userproblem_u_3423e9'

18-05-2024T18:41:32 - [TEST_STEP][PASSED] - click(findTestObject("Object Repository/order/Page_Swag Labs/input_standard_userlocked_out_userproblem_u_0dff71")): Object: 'Object Repository/order/Page_Swag Labs/input_standard_userlocked_out_userproblem_u_0dff71' is clicked on

18-05-2024T18:41:34 - [MESSAGE][PASSED] - Object: 'Object Repository/order/Page_Swag Labs/input_standard_userlocked_out_userproblem_u_0dff71' is clicked on

18-05-2024T18:41:34 - [TEST_STEP][PASSED] - click(findTestObject("Object Repository/order/Page_Swag Labs/div_Sauce Labs Backpack")): Object: 'Object Repository/order/Page_Swag Labs/div_Sauce Labs Backpack' is clicked on

18-05-2024T18:41:35 - [MESSAGE][PASSED] - Object: 'Object Repository/order/Page_Swag Labs/div_Sauce Labs Backpack' is clicked on

18-05-2024T18:41:35 - [TEST_STEP][PASSED] - click(findTestObject("Object Repository/order/Page_Swag Labs/button_ADD TO CART")): Object: 'Object Repository/order/Page_Swag Labs/button_ADD TO CART' is clicked on

18-05-2024T18:41:35 - [MESSAGE][PASSED] - Object: 'Object Repository/order/Page_Swag Labs/button_ADD TO CART' is clicked on

18-05-2024T18:41:35 - [TEST_STEP][PASSED] - click(findTestObject("Object Repository/order/Page_Swag Labs/svg_Swag Labs_svg-inline--fa fa-shopping-ca_963f6f")): Object: 'Object Repository/order/Page_Swag Labs/svg_Swag Labs_svg-inline--fa fa-shopping-ca_963f6f' is clicked on

18-05-2024T18:41:36 - [MESSAGE][PASSED] - Object: 'Object Repository/order/Page_Swag Labs/svg_Swag Labs_svg-inline--fa fa-shopping-ca_963f6f' is clicked on

18-05-2024T18:41:36 - [TEST_STEP][PASSED] - click(findTestObject("Object Repository/order/Page_Swag Labs/a_CHECKOUT")): Object: 'Object Repository/order/Page_Swag Labs/a_CHECKOUT' is clicked on

18-05-2024T18:41:37 - [MESSAGE][PASSED] - Object: 'Object Repository/order/Page_Swag Labs/a_CHECKOUT' is clicked on

18-05-2024T18:41:37 - [TEST_STEP][PASSED] - setText(findTestObject("Object Repository/order/Page_Swag Labs/input_Checkout Your Information_first-name"), "test1"): Text 'test1' is set on object 'Object Repository/order/Page_Swag Labs/input_Checkout Your Information_first-name'

18-05-2024T18:41:38 - [MESSAGE][PASSED] - Text 'test1' is set on object 'Object Repository/order/Page_Swag Labs/input_Checkout Your Information_first-name'

18-05-2024T18:41:38 - [TEST_STEP][PASSED] - setText(findTestObject("Object Repository/order/Page_Swag Labs/input_Checkout Your Information_last-name"), "katalon1"): Text 'katalon1' is set on object 'Object Repository/order/Page_Swag Labs/input_Checkout Your Information_last-name'

18-05-2024T18:41:39 - [MESSAGE][PASSED] - Text 'katalon1' is set on object 'Object Repository/order/Page_Swag Labs/input_Checkout Your Information_last-name'

18-05-2024T18:41:39 - [TEST_STEP][PASSED] - setText(findTestObject("Object Repository/order/Page_Swag Labs/input_Checkout Your Information_postal-code"), "520002"): Text '520002' is set on object 'Object Repository/order/Page_Swag Labs/input_Checkout Your Information_postal-code'

18-05-2024T18:41:40 - [MESSAGE][PASSED] - Text '520002' is set on object 'Object Repository/order/Page_Swag Labs/input_Checkout Your Information_postal-code'

18-05-2024T18:41:40 - [TEST_STEP][PASSED] - click(findTestObject("Object Repository/order/Page_Swag Labs/input_CANCEL_btn_primary cart_button")): Object: 'Object Repository/order/Page_Swag Labs/input_CANCEL_btn_primary cart_button' is clicked on

18-05-2024T18:41:41 - [MESSAGE][PASSED] - Object: 'Object Repository/order/Page_Swag Labs/input_CANCEL_btn_primary cart_button' is clicked on

18-05-2024T18:41:41 - [TEST_STEP][PASSED] - click(findTestObject("Object Repository/order/Page_Swag Labs/a_FINISH")): Object: 'Object Repository/order/Page_Swag Labs/a_FINISH' is clicked on

18-05-2024T18:41:42 - [MESSAGE][PASSED] - Object: 'Object Repository/order/Page_Swag Labs/a_FINISH' is clicked on

18-05-2024T18:41:42 - [TEST_STEP][PASSED] - click(findTestObject("Object Repository/order/Page_Swag Labs/h2_THANK YOU FOR YOUR ORDER")): Object: 'Object Repository/order/Page_Swag Labs/h2_THANK YOU FOR YOUR ORDER' is clicked on

18-05-2024T18:41:43 - [MESSAGE][PASSED] - Object: 'Object Repository/order/Page_Swag Labs/h2_THANK YOU FOR YOUR ORDER' is clicked on

18-05-2024T18:41:43 - [TEST_STEP][PASSED] - verifyElementText(findTestObject("Object Repository/order/Page_Swag Labs/h2_THANK YOU FOR YOUR ORDER"), "THANK YOU FOR YOUR ORDER"): Actual text and expected text of test object 'Object Repository/order/Page_Swag Labs/h2_THANK YOU FOR YOUR ORDER' are matched.

18-05-2024T18:41:43 - [MESSAGE][PASSED] - Actual text and expected text of test object 'Object Repository/order/Page_Swag Labs/h2_THANK YOU FOR YOUR ORDER' are matched.

18-05-2024T18:41:43 - [TEST_STEP][PASSED] - click(findTestObject("Object Repository/order/Page_Swag Labs/button_Open Menu")): Object: 'Object Repository/order/Page_Swag Labs/button_Open Menu' is clicked on

18-05-2024T18:41:44 - [MESSAGE][PASSED] - Object: 'Object Repository/order/Page_Swag Labs/button_Open Menu' is clicked on

18-05-2024T18:41:44 - [TEST_STEP][PASSED] - click(findTestObject("Object Repository/order/Page_Swag Labs/a_Logout")): Object: 'Object Repository/order/Page_Swag Labs/a_Logout' is clicked on

18-05-2024T18:41:44 - [MESSAGE][PASSED] - Object: 'Object Repository/order/Page_Swag Labs/a_Logout' is clicked on

18-05-2024T18:41:44 - [TEST_STEP][PASSED] - closeBrowser(): Browser is closed

18-05-2024T18:41:45 - [MESSAGE][PASSED] - Browser is closed]]></system-out>
         <system-err><![CDATA[]]></system-err>
      </testcase>
      <system-out><![CDATA[18-05-2024T18:41:22 - [TEST_SUITE][PASSED] - TS_1Testopsgitsuite: Test Cases/TC_1Testopsgit]]></system-out>
      <system-err><![CDATA[]]></system-err>
   </testsuite>
   <testsuite name="TS_2OrderProducts" tests="3" failures="0" errors="0" time="129.238" skipped="0" timestamp="18-05-2024T18:41:51" hostname="GA253NH - IN3268364W1.ey.net" id="Test Suites/TS_2OrderProducts">
      <properties>
         <property name="deviceName" value=""/>
         <property name="devicePlatform" value=""/>
         <property name="logFolder" value="C:\\Users\\GA253NH\\git\\katalonpractice\\Reports\\20240518_184029\\TS_2OrderProducts\\20240518_184034"/>
         <property name="logFiles" value="C:\\Users\\GA253NH\\git\\katalonpractice\\Reports\\20240518_184029\\TS_2OrderProducts\\20240518_184034\\execution0.log"/>
         <property name="attachments" value=""/>
         <property name="hostName" value="GA253NH - IN3268364W1.ey.net"/>
         <property name="os" value="Windows 10 64bit"/>
         <property name="katalonVersion" value="9.4.0.212"/>
         <property name="browser" value="Edge Chromium 124"/>
         <property name="hostAddress" value="192.168.0.141"/>
         <property name="sessionId" value="4dd14cfaf45ef7e774f83ca58a7c9def"/>
         <property name="seleniumVersion" value="3.141.59"/>
         <property name="proxyInformation" value="ProxyInformation { proxyOption=NO_PROXY, proxyServerType=HTTP, username=, password=********, proxyServerAddress=, proxyServerPort=0, executionList=&quot;&quot;, isApplyToDesiredCapabilities=true }"/>
         <property name="platform" value="Windows 10"/>
      </properties>
      <testcase name="Test Cases/orderJpet" time="20.226" classname="Test Cases/orderJpet" status="PASSED">
         <system-out><![CDATA[18-05-2024T18:41:51 - [TEST_CASE][PASSED] - Test Cases/orderJpet: Test Cases/orderJpet

18-05-2024T18:41:52 - [TEST_STEP][PASSED] - openBrowser(""): Browser is opened with url: ''

18-05-2024T18:41:52 - [MESSAGE][INFO] - Starting 'Edge Chromium' driver

18-05-2024T18:41:56 - [MESSAGE][INFO] - Action delay is set to 0 milliseconds

18-05-2024T18:41:58 - [MESSAGE][PASSED] - Browser is opened with url: ''

18-05-2024T18:41:58 - [TEST_STEP][PASSED] - navigateToUrl("https://petstore.octoperf.com/"): Navigate to 'https://petstore.octoperf.com/' successfully

18-05-2024T18:41:59 - [MESSAGE][PASSED] - Navigate to 'https://petstore.octoperf.com/' successfully

18-05-2024T18:41:59 - [TEST_STEP][PASSED] - click(findTestObject("Object Repository/orderJpet/Page_JPetStore Demo/a_Enter the Store")): Object: 'Object Repository/orderJpet/Page_JPetStore Demo/a_Enter the Store' is clicked on

18-05-2024T18:42:01 - [MESSAGE][PASSED] - Object: 'Object Repository/orderJpet/Page_JPetStore Demo/a_Enter the Store' is clicked on

18-05-2024T18:42:01 - [TEST_STEP][PASSED] - click(findTestObject("Object Repository/orderJpet/Page_JPetStore Demo/a_Sign In")): Object: 'Object Repository/orderJpet/Page_JPetStore Demo/a_Sign In' is clicked on

18-05-2024T18:42:02 - [MESSAGE][PASSED] - Object: 'Object Repository/orderJpet/Page_JPetStore Demo/a_Sign In' is clicked on

18-05-2024T18:42:02 - [TEST_STEP][PASSED] - setText(findTestObject("Object Repository/orderJpet/Page_JPetStore Demo/input_Need a user name and password_username"), "mohan1"): Text 'mohan1' is set on object 'Object Repository/orderJpet/Page_JPetStore Demo/input_Need a user name and password_username'

18-05-2024T18:42:03 - [MESSAGE][PASSED] - Text 'mohan1' is set on object 'Object Repository/orderJpet/Page_JPetStore Demo/input_Need a user name and password_username'

18-05-2024T18:42:03 - [TEST_STEP][PASSED] - setEncryptedText(findTestObject("Object Repository/orderJpet/Page_JPetStore Demo/input_Need a user name and password_password"), "NXt0rM6HQe0="): Text ****** has been set on object 'Object Repository/orderJpet/Page_JPetStore Demo/input_Need a user name and password_password'

18-05-2024T18:42:04 - [MESSAGE][PASSED] - Text ****** has been set on object 'Object Repository/orderJpet/Page_JPetStore Demo/input_Need a user name and password_password'

18-05-2024T18:42:04 - [TEST_STEP][PASSED] - click(findTestObject("Object Repository/orderJpet/Page_JPetStore Demo/input_Need a user name and password_signon")): Object: 'Object Repository/orderJpet/Page_JPetStore Demo/input_Need a user name and password_signon' is clicked on

18-05-2024T18:42:04 - [MESSAGE][PASSED] - Object: 'Object Repository/orderJpet/Page_JPetStore Demo/input_Need a user name and password_signon' is clicked on

18-05-2024T18:42:04 - [TEST_STEP][PASSED] - click(findTestObject("Object Repository/orderJpet/Page_JPetStore Demo/img")): Object: 'Object Repository/orderJpet/Page_JPetStore Demo/img' is clicked on

18-05-2024T18:42:05 - [MESSAGE][PASSED] - Object: 'Object Repository/orderJpet/Page_JPetStore Demo/img' is clicked on

18-05-2024T18:42:05 - [TEST_STEP][PASSED] - click(findTestObject("Object Repository/orderJpet/Page_JPetStore Demo/a_FI-SW-01")): Object: 'Object Repository/orderJpet/Page_JPetStore Demo/a_FI-SW-01' is clicked on

18-05-2024T18:42:06 - [MESSAGE][PASSED] - Object: 'Object Repository/orderJpet/Page_JPetStore Demo/a_FI-SW-01' is clicked on

18-05-2024T18:42:06 - [TEST_STEP][PASSED] - click(findTestObject("Object Repository/orderJpet/Page_JPetStore Demo/a_Add to Cart")): Object: 'Object Repository/orderJpet/Page_JPetStore Demo/a_Add to Cart' is clicked on

18-05-2024T18:42:07 - [MESSAGE][PASSED] - Object: 'Object Repository/orderJpet/Page_JPetStore Demo/a_Add to Cart' is clicked on

18-05-2024T18:42:07 - [TEST_STEP][PASSED] - click(findTestObject("Object Repository/orderJpet/Page_JPetStore Demo/a_Proceed to Checkout")): Object: 'Object Repository/orderJpet/Page_JPetStore Demo/a_Proceed to Checkout' is clicked on

18-05-2024T18:42:08 - [MESSAGE][PASSED] - Object: 'Object Repository/orderJpet/Page_JPetStore Demo/a_Proceed to Checkout' is clicked on

18-05-2024T18:42:08 - [TEST_STEP][PASSED] - click(findTestObject("Object Repository/orderJpet/Page_JPetStore Demo/input_Ship to different address_newOrder")): Object: 'Object Repository/orderJpet/Page_JPetStore Demo/input_Ship to different address_newOrder' is clicked on

18-05-2024T18:42:09 - [MESSAGE][PASSED] - Object: 'Object Repository/orderJpet/Page_JPetStore Demo/input_Ship to different address_newOrder' is clicked on

18-05-2024T18:42:09 - [TEST_STEP][PASSED] - click(findTestObject("Object Repository/orderJpet/Page_JPetStore Demo/a_Confirm")): Object: 'Object Repository/orderJpet/Page_JPetStore Demo/a_Confirm' is clicked on

18-05-2024T18:42:09 - [MESSAGE][PASSED] - Object: 'Object Repository/orderJpet/Page_JPetStore Demo/a_Confirm' is clicked on

18-05-2024T18:42:09 - [TEST_STEP][PASSED] - verifyElementText(findTestObject("Object Repository/orderJpet/Page_JPetStore Demo/li_Thank you, your order has been submitted"), "Thank you, your order has been submitted."): Actual text and expected text of test object 'Object Repository/orderJpet/Page_JPetStore Demo/li_Thank you, your order has been submitted' are matched.

18-05-2024T18:42:10 - [MESSAGE][PASSED] - Actual text and expected text of test object 'Object Repository/orderJpet/Page_JPetStore Demo/li_Thank you, your order has been submitted' are matched.

18-05-2024T18:42:10 - [TEST_STEP][PASSED] - click(findTestObject("Object Repository/orderJpet/Page_JPetStore Demo/a_Sign Out")): Object: 'Object Repository/orderJpet/Page_JPetStore Demo/a_Sign Out' is clicked on

18-05-2024T18:42:11 - [MESSAGE][PASSED] - Object: 'Object Repository/orderJpet/Page_JPetStore Demo/a_Sign Out' is clicked on

18-05-2024T18:42:11 - [TEST_STEP][PASSED] - closeBrowser(): Browser is closed

18-05-2024T18:42:11 - [MESSAGE][PASSED] - Browser is closed]]></system-out>
         <system-err><![CDATA[]]></system-err>
      </testcase>
      <testcase name="Test Cases/orderMultiple" time="20.145" classname="Test Cases/orderMultiple" status="PASSED">
         <system-out><![CDATA[18-05-2024T18:42:11 - [TEST_CASE][PASSED] - Test Cases/orderMultiple: Test Cases/orderMultiple

18-05-2024T18:42:12 - [TEST_STEP][PASSED] - openBrowser(""): Browser is opened with url: ''

18-05-2024T18:42:12 - [MESSAGE][INFO] - Starting 'Edge Chromium' driver

18-05-2024T18:42:15 - [MESSAGE][INFO] - Action delay is set to 0 milliseconds

18-05-2024T18:42:17 - [MESSAGE][PASSED] - Browser is opened with url: ''

18-05-2024T18:42:17 - [TEST_STEP][PASSED] - navigateToUrl("https://www.saucedemo.com/v1/"): Navigate to 'https://www.saucedemo.com/v1/' successfully

18-05-2024T18:42:19 - [MESSAGE][PASSED] - Navigate to 'https://www.saucedemo.com/v1/' successfully

18-05-2024T18:42:19 - [TEST_STEP][PASSED] - maximizeWindow(): Current window maximized

18-05-2024T18:42:19 - [MESSAGE][PASSED] - Current window maximized

18-05-2024T18:42:19 - [TEST_STEP][PASSED] - setText(findTestObject("Object Repository/orderMultiple2/Page_Swag Labs/input_standard_userlocked_out_userproblem_u_db77ac"), "standard_user"): Text 'standard_user' is set on object 'Object Repository/orderMultiple2/Page_Swag Labs/input_standard_userlocked_out_userproblem_u_db77ac'

18-05-2024T18:42:20 - [MESSAGE][PASSED] - Text 'standard_user' is set on object 'Object Repository/orderMultiple2/Page_Swag Labs/input_standard_userlocked_out_userproblem_u_db77ac'

18-05-2024T18:42:20 - [TEST_STEP][PASSED] - setEncryptedText(findTestObject("Object Repository/orderMultiple2/Page_Swag Labs/input_standard_userlocked_out_userproblem_u_3423e9"), "qcu24s4901FyWDTwXGr6XA=="): Text ****** has been set on object 'Object Repository/orderMultiple2/Page_Swag Labs/input_standard_userlocked_out_userproblem_u_3423e9'

18-05-2024T18:42:20 - [MESSAGE][PASSED] - Text ****** has been set on object 'Object Repository/orderMultiple2/Page_Swag Labs/input_standard_userlocked_out_userproblem_u_3423e9'

18-05-2024T18:42:20 - [TEST_STEP][PASSED] - click(findTestObject("Object Repository/orderMultiple2/Page_Swag Labs/input_standard_userlocked_out_userproblem_u_0dff71")): Object: 'Object Repository/orderMultiple2/Page_Swag Labs/input_standard_userlocked_out_userproblem_u_0dff71' is clicked on

18-05-2024T18:42:22 - [MESSAGE][PASSED] - Object: 'Object Repository/orderMultiple2/Page_Swag Labs/input_standard_userlocked_out_userproblem_u_0dff71' is clicked on

18-05-2024T18:42:22 - [TEST_STEP][PASSED] - click(findTestObject("Object Repository/orderMultiple2/Page_Swag Labs/div_Sauce Labs Backpack")): Object: 'Object Repository/orderMultiple2/Page_Swag Labs/div_Sauce Labs Backpack' is clicked on

18-05-2024T18:42:23 - [MESSAGE][PASSED] - Object: 'Object Repository/orderMultiple2/Page_Swag Labs/div_Sauce Labs Backpack' is clicked on

18-05-2024T18:42:23 - [TEST_STEP][PASSED] - click(findTestObject("Object Repository/orderMultiple2/Page_Swag Labs/button_ADD TO CART")): Object: 'Object Repository/orderMultiple2/Page_Swag Labs/button_ADD TO CART' is clicked on

18-05-2024T18:42:23 - [MESSAGE][PASSED] - Object: 'Object Repository/orderMultiple2/Page_Swag Labs/button_ADD TO CART' is clicked on

18-05-2024T18:42:23 - [TEST_STEP][PASSED] - click(findTestObject("Object Repository/orderMultiple2/Page_Swag Labs/button_- Back")): Object: 'Object Repository/orderMultiple2/Page_Swag Labs/button_- Back' is clicked on

18-05-2024T18:42:24 - [MESSAGE][PASSED] - Object: 'Object Repository/orderMultiple2/Page_Swag Labs/button_- Back' is clicked on

18-05-2024T18:42:24 - [TEST_STEP][PASSED] - click(findTestObject("Object Repository/orderMultiple2/Page_Swag Labs/div_Sauce Labs Bike Light")): Object: 'Object Repository/orderMultiple2/Page_Swag Labs/div_Sauce Labs Bike Light' is clicked on

18-05-2024T18:42:25 - [MESSAGE][PASSED] - Object: 'Object Repository/orderMultiple2/Page_Swag Labs/div_Sauce Labs Bike Light' is clicked on

18-05-2024T18:42:25 - [TEST_STEP][PASSED] - click(findTestObject("Object Repository/orderMultiple2/Page_Swag Labs/button_ADD TO CART")): Object: 'Object Repository/orderMultiple2/Page_Swag Labs/button_ADD TO CART' is clicked on

18-05-2024T18:42:25 - [MESSAGE][PASSED] - Object: 'Object Repository/orderMultiple2/Page_Swag Labs/button_ADD TO CART' is clicked on

18-05-2024T18:42:25 - [TEST_STEP][PASSED] - click(findTestObject("Object Repository/orderMultiple2/Page_Swag Labs/svg_Swag Labs_svg-inline--fa fa-shopping-ca_963f6f")): Object: 'Object Repository/orderMultiple2/Page_Swag Labs/svg_Swag Labs_svg-inline--fa fa-shopping-ca_963f6f' is clicked on

18-05-2024T18:42:26 - [MESSAGE][PASSED] - Object: 'Object Repository/orderMultiple2/Page_Swag Labs/svg_Swag Labs_svg-inline--fa fa-shopping-ca_963f6f' is clicked on

18-05-2024T18:42:26 - [TEST_STEP][PASSED] - click(findTestObject("Object Repository/orderMultiple2/Page_Swag Labs/a_CHECKOUT")): Object: 'Object Repository/orderMultiple2/Page_Swag Labs/a_CHECKOUT' is clicked on

18-05-2024T18:42:27 - [MESSAGE][PASSED] - Object: 'Object Repository/orderMultiple2/Page_Swag Labs/a_CHECKOUT' is clicked on

18-05-2024T18:42:27 - [TEST_STEP][PASSED] - setText(findTestObject("Object Repository/orderMultiple2/Page_Swag Labs/input_Checkout Your Information_first-name"), "test1"): Text 'test1' is set on object 'Object Repository/orderMultiple2/Page_Swag Labs/input_Checkout Your Information_first-name'

18-05-2024T18:42:28 - [MESSAGE][PASSED] - Text 'test1' is set on object 'Object Repository/orderMultiple2/Page_Swag Labs/input_Checkout Your Information_first-name'

18-05-2024T18:42:28 - [TEST_STEP][PASSED] - setText(findTestObject("Object Repository/orderMultiple2/Page_Swag Labs/input_Checkout Your Information_last-name"), "test2"): Text 'test2' is set on object 'Object Repository/orderMultiple2/Page_Swag Labs/input_Checkout Your Information_last-name'

18-05-2024T18:42:29 - [MESSAGE][PASSED] - Text 'test2' is set on object 'Object Repository/orderMultiple2/Page_Swag Labs/input_Checkout Your Information_last-name'

18-05-2024T18:42:29 - [TEST_STEP][PASSED] - setText(findTestObject("Object Repository/orderMultiple2/Page_Swag Labs/input_Checkout Your Information_postal-code"), "200345"): Text '200345' is set on object 'Object Repository/orderMultiple2/Page_Swag Labs/input_Checkout Your Information_postal-code'

18-05-2024T18:42:30 - [MESSAGE][PASSED] - Text '200345' is set on object 'Object Repository/orderMultiple2/Page_Swag Labs/input_Checkout Your Information_postal-code'

18-05-2024T18:42:30 - [TEST_STEP][PASSED] - click(findTestObject("Object Repository/orderMultiple2/Page_Swag Labs/input_CANCEL_btn_primary cart_button")): Object: 'Object Repository/orderMultiple2/Page_Swag Labs/input_CANCEL_btn_primary cart_button' is clicked on

18-05-2024T18:42:30 - [MESSAGE][PASSED] - Object: 'Object Repository/orderMultiple2/Page_Swag Labs/input_CANCEL_btn_primary cart_button' is clicked on

18-05-2024T18:42:30 - [TEST_STEP][PASSED] - click(findTestObject("Object Repository/orderMultiple2/Page_Swag Labs/a_FINISH")): Object: 'Object Repository/orderMultiple2/Page_Swag Labs/a_FINISH' is clicked on

18-05-2024T18:42:31 - [MESSAGE][PASSED] - Object: 'Object Repository/orderMultiple2/Page_Swag Labs/a_FINISH' is clicked on

18-05-2024T18:42:31 - [TEST_STEP][PASSED] - closeBrowser(): Browser is closed

18-05-2024T18:42:32 - [MESSAGE][PASSED] - Browser is closed]]></system-out>
         <system-err><![CDATA[]]></system-err>
      </testcase>
      <testcase name="Test Cases/TC_1orderproduct" time="88.58" classname="Test Cases/TC_1orderproduct" status="PASSED">
         <system-out><![CDATA[18-05-2024T18:42:32 - [TEST_CASE][PASSED] - Test Cases/TC_1orderproduct: Test Cases/TC_1orderproduct

18-05-2024T18:42:32 - [TEST_STEP][PASSED] - openBrowser(""): Browser is opened with url: ''

18-05-2024T18:42:32 - [MESSAGE][INFO] - Starting 'Edge Chromium' driver

18-05-2024T18:42:35 - [MESSAGE][INFO] - Action delay is set to 0 milliseconds

18-05-2024T18:42:37 - [MESSAGE][PASSED] - Browser is opened with url: ''

18-05-2024T18:42:37 - [TEST_STEP][PASSED] - navigateToUrl("https://www.saucedemo.com/v1/"): Navigate to 'https://www.saucedemo.com/v1/' successfully

18-05-2024T18:42:39 - [MESSAGE][PASSED] - Navigate to 'https://www.saucedemo.com/v1/' successfully

18-05-2024T18:42:39 - [TEST_STEP][PASSED] - maximizeWindow(): Current window maximized

18-05-2024T18:42:39 - [MESSAGE][PASSED] - Current window maximized

18-05-2024T18:42:39 - [TEST_STEP][PASSED] - setText(findTestObject("Object Repository/swagOrderMultiple/Page_Swag Labs/input_standard_userlocked_out_userproblem_u_db77ac"), "standard_user"): Text 'standard_user' is set on object 'Object Repository/swagOrderMultiple/Page_Swag Labs/input_standard_userlocked_out_userproblem_u_db77ac'

18-05-2024T18:42:40 - [MESSAGE][PASSED] - Text 'standard_user' is set on object 'Object Repository/swagOrderMultiple/Page_Swag Labs/input_standard_userlocked_out_userproblem_u_db77ac'

18-05-2024T18:42:40 - [TEST_STEP][PASSED] - setEncryptedText(findTestObject("Object Repository/swagOrderMultiple/Page_Swag Labs/input_standard_userlocked_out_userproblem_u_3423e9"), "qcu24s4901FyWDTwXGr6XA=="): Text ****** has been set on object 'Object Repository/swagOrderMultiple/Page_Swag Labs/input_standard_userlocked_out_userproblem_u_3423e9'

18-05-2024T18:42:40 - [MESSAGE][PASSED] - Text ****** has been set on object 'Object Repository/swagOrderMultiple/Page_Swag Labs/input_standard_userlocked_out_userproblem_u_3423e9'

18-05-2024T18:42:40 - [TEST_STEP][PASSED] - click(findTestObject("Object Repository/swagOrderMultiple/Page_Swag Labs/input_standard_userlocked_out_userproblem_u_0dff71")): Object: 'Object Repository/swagOrderMultiple/Page_Swag Labs/input_standard_userlocked_out_userproblem_u_0dff71' is clicked on

18-05-2024T18:42:42 - [MESSAGE][PASSED] - Object: 'Object Repository/swagOrderMultiple/Page_Swag Labs/input_standard_userlocked_out_userproblem_u_0dff71' is clicked on

18-05-2024T18:42:42 - [TEST_STEP][PASSED] - delay(2): Delayed 2 second(s)

18-05-2024T18:42:44 - [MESSAGE][PASSED] - Delayed 2 second(s)

18-05-2024T18:42:44 - [TEST_STEP][PASSED] - click(findTestObject("Object Repository/swagOrderMultiple/Page_Swag Labs/button_ADD TO CART")): Object: 'Object Repository/swagOrderMultiple/Page_Swag Labs/button_ADD TO CART' is clicked on

18-05-2024T18:42:45 - [MESSAGE][PASSED] - Object: 'Object Repository/swagOrderMultiple/Page_Swag Labs/button_ADD TO CART' is clicked on

18-05-2024T18:42:45 - [TEST_STEP][PASSED] - click(findTestObject("Object Repository/swagOrderMultiple/Page_Swag Labs/div_Sauce Labs Bolt T-Shirt")): Object: 'Object Repository/swagOrderMultiple/Page_Swag Labs/div_Sauce Labs Bolt T-Shirt' is clicked on

18-05-2024T18:42:45 - [MESSAGE][PASSED] - Object: 'Object Repository/swagOrderMultiple/Page_Swag Labs/div_Sauce Labs Bolt T-Shirt' is clicked on

18-05-2024T18:42:45 - [TEST_STEP][PASSED] - click(findTestObject("Object Repository/swagOrderMultiple/Page_Swag Labs/button_- Back")): Object: 'Object Repository/swagOrderMultiple/Page_Swag Labs/button_- Back' is clicked on

18-05-2024T18:42:46 - [MESSAGE][PASSED] - Object: 'Object Repository/swagOrderMultiple/Page_Swag Labs/button_- Back' is clicked on

18-05-2024T18:42:46 - [TEST_STEP][PASSED] - delay(2): Delayed 2 second(s)

18-05-2024T18:42:48 - [MESSAGE][PASSED] - Delayed 2 second(s)

18-05-2024T18:42:48 - [TEST_STEP][PASSED] - click(findTestObject("Object Repository/swagOrderMultiple/Page_Swag Labs/button_ADD TO CART")): Object: 'Object Repository/swagOrderMultiple/Page_Swag Labs/button_ADD TO CART' is clicked on

18-05-2024T18:42:48 - [MESSAGE][PASSED] - Object: 'Object Repository/swagOrderMultiple/Page_Swag Labs/button_ADD TO CART' is clicked on

18-05-2024T18:42:48 - [TEST_STEP][PASSED] - click(findTestObject("Object Repository/swagOrderMultiple/Page_Swag Labs/div_Sauce Labs Bike Light")): Object: 'Object Repository/swagOrderMultiple/Page_Swag Labs/div_Sauce Labs Bike Light' is clicked on

18-05-2024T18:42:49 - [MESSAGE][PASSED] - Object: 'Object Repository/swagOrderMultiple/Page_Swag Labs/div_Sauce Labs Bike Light' is clicked on

18-05-2024T18:42:49 - [TEST_STEP][PASSED] - click(findTestObject("Object Repository/swagOrderMultiple/Page_Swag Labs/button_ADD TO CART")): Object: 'Object Repository/swagOrderMultiple/Page_Swag Labs/button_ADD TO CART' is clicked on

18-05-2024T18:43:20 - [MESSAGE][INFO] - Unable to find the element located by 'By.xpath: //div[@id='inventory_container']/div/div/div[3]/button'. Please recheck the objects properties to make sure the desired element is located. 

18-05-2024T18:43:20 - [MESSAGE][WARNING] - [SELF-HEALING] Failed to find element with id 'Object Repository/swagOrderMultiple/Page_Swag Labs/button_ADD TO CART'. Try using Self-healing.

18-05-2024T18:43:21 - [MESSAGE][WARNING] - [SELF-HEALING] The current locator of test object 'Object Repository/swagOrderMultiple/Page_Swag Labs/button_ADD TO CART' was broken. Propose an alternative one: '(.//*[normalize-space(text()) and normalize-space(.)='Sauce Labs Bike Light'])[1]/preceding::button[1]'.

18-05-2024T18:43:21 - [MESSAGE][PASSED] - Object: 'Object Repository/swagOrderMultiple/Page_Swag Labs/button_ADD TO CART' is clicked on

18-05-2024T18:43:21 - [TEST_STEP][PASSED] - click(findTestObject("Object Repository/swagOrderMultiple/Page_Swag Labs/button_- Back")): Object: 'Object Repository/swagOrderMultiple/Page_Swag Labs/button_- Back' is clicked on

18-05-2024T18:43:52 - [MESSAGE][INFO] - Unable to find the element located by 'By.xpath: //div[@id='inventory_item_container']/div/button'. Please recheck the objects properties to make sure the desired element is located. 

18-05-2024T18:43:52 - [MESSAGE][WARNING] - [SELF-HEALING] Failed to find element with id 'Object Repository/swagOrderMultiple/Page_Swag Labs/button_- Back'. Try using Self-healing.

18-05-2024T18:43:52 - [MESSAGE][WARNING] - [SELF-HEALING] The current locator of test object 'Object Repository/swagOrderMultiple/Page_Swag Labs/button_- Back' was broken. Propose an alternative one: '(.//*[normalize-space(text()) and normalize-space(.)='Open Menu'])[1]/following::button[1]'.

18-05-2024T18:43:53 - [MESSAGE][PASSED] - Object: 'Object Repository/swagOrderMultiple/Page_Swag Labs/button_- Back' is clicked on

18-05-2024T18:43:53 - [TEST_STEP][PASSED] - click(findTestObject("Object Repository/swagOrderMultiple/Page_Swag Labs/svg_Open Menu_svg-inline--fa fa-shopping-ca_f4ec0f")): Object: 'Object Repository/swagOrderMultiple/Page_Swag Labs/svg_Open Menu_svg-inline--fa fa-shopping-ca_f4ec0f' is clicked on

18-05-2024T18:43:54 - [MESSAGE][PASSED] - Object: 'Object Repository/swagOrderMultiple/Page_Swag Labs/svg_Open Menu_svg-inline--fa fa-shopping-ca_f4ec0f' is clicked on

18-05-2024T18:43:54 - [TEST_STEP][PASSED] - click(findTestObject("Object Repository/swagOrderMultiple/Page_Swag Labs/a_CHECKOUT")): Object: 'Object Repository/swagOrderMultiple/Page_Swag Labs/a_CHECKOUT' is clicked on

18-05-2024T18:43:54 - [MESSAGE][PASSED] - Object: 'Object Repository/swagOrderMultiple/Page_Swag Labs/a_CHECKOUT' is clicked on

18-05-2024T18:43:54 - [TEST_STEP][PASSED] - setText(findTestObject("Object Repository/swagOrderMultiple/Page_Swag Labs/input_Checkout Your Information_first-name"), "test1"): Text 'test1' is set on object 'Object Repository/swagOrderMultiple/Page_Swag Labs/input_Checkout Your Information_first-name'

18-05-2024T18:43:55 - [MESSAGE][PASSED] - Text 'test1' is set on object 'Object Repository/swagOrderMultiple/Page_Swag Labs/input_Checkout Your Information_first-name'

18-05-2024T18:43:55 - [TEST_STEP][PASSED] - setText(findTestObject("Object Repository/swagOrderMultiple/Page_Swag Labs/input_Checkout Your Information_last-name"), "ctest1"): Text 'ctest1' is set on object 'Object Repository/swagOrderMultiple/Page_Swag Labs/input_Checkout Your Information_last-name'

18-05-2024T18:43:56 - [MESSAGE][PASSED] - Text 'ctest1' is set on object 'Object Repository/swagOrderMultiple/Page_Swag Labs/input_Checkout Your Information_last-name'

18-05-2024T18:43:56 - [TEST_STEP][PASSED] - setText(findTestObject("Object Repository/swagOrderMultiple/Page_Swag Labs/input_Checkout Your Information_postal-code"), "450003"): Text '450003' is set on object 'Object Repository/swagOrderMultiple/Page_Swag Labs/input_Checkout Your Information_postal-code'

18-05-2024T18:43:57 - [MESSAGE][PASSED] - Text '450003' is set on object 'Object Repository/swagOrderMultiple/Page_Swag Labs/input_Checkout Your Information_postal-code'

18-05-2024T18:43:57 - [TEST_STEP][PASSED] - click(findTestObject("Object Repository/swagOrderMultiple/Page_Swag Labs/input_CANCEL_btn_primary cart_button")): Object: 'Object Repository/swagOrderMultiple/Page_Swag Labs/input_CANCEL_btn_primary cart_button' is clicked on

18-05-2024T18:43:57 - [MESSAGE][PASSED] - Object: 'Object Repository/swagOrderMultiple/Page_Swag Labs/input_CANCEL_btn_primary cart_button' is clicked on

18-05-2024T18:43:57 - [TEST_STEP][PASSED] - click(findTestObject("Object Repository/swagOrderMultiple/Page_Swag Labs/a_FINISH")): Object: 'Object Repository/swagOrderMultiple/Page_Swag Labs/a_FINISH' is clicked on

18-05-2024T18:43:58 - [MESSAGE][PASSED] - Object: 'Object Repository/swagOrderMultiple/Page_Swag Labs/a_FINISH' is clicked on

18-05-2024T18:43:58 - [TEST_STEP][PASSED] - verifyElementText(findTestObject("Object Repository/swagOrderMultiple/Page_Swag Labs/h2_THANK YOU FOR YOUR ORDER"), "THANK YOU FOR YOUR ORDER"): Actual text and expected text of test object 'Object Repository/swagOrderMultiple/Page_Swag Labs/h2_THANK YOU FOR YOUR ORDER' are matched.

18-05-2024T18:43:58 - [MESSAGE][PASSED] - Actual text and expected text of test object 'Object Repository/swagOrderMultiple/Page_Swag Labs/h2_THANK YOU FOR YOUR ORDER' are matched.

18-05-2024T18:43:58 - [TEST_STEP][PASSED] - click(findTestObject("Object Repository/swagOrderMultiple/Page_Swag Labs/button_Open Menu")): Object: 'Object Repository/swagOrderMultiple/Page_Swag Labs/button_Open Menu' is clicked on

18-05-2024T18:43:59 - [MESSAGE][PASSED] - Object: 'Object Repository/swagOrderMultiple/Page_Swag Labs/button_Open Menu' is clicked on

18-05-2024T18:43:59 - [TEST_STEP][PASSED] - click(findTestObject("Object Repository/swagOrderMultiple/Page_Swag Labs/a_Logout")): Object: 'Object Repository/swagOrderMultiple/Page_Swag Labs/a_Logout' is clicked on

18-05-2024T18:44:00 - [MESSAGE][PASSED] - Object: 'Object Repository/swagOrderMultiple/Page_Swag Labs/a_Logout' is clicked on

18-05-2024T18:44:00 - [TEST_STEP][PASSED] - closeBrowser(): Browser is closed

18-05-2024T18:44:00 - [MESSAGE][PASSED] - Browser is closed]]></system-out>
         <system-err><![CDATA[]]></system-err>
      </testcase>
      <system-out><![CDATA[18-05-2024T18:41:51 - [TEST_SUITE][PASSED] - TS_2OrderProducts: Test Cases/TC_1orderproduct]]></system-out>
      <system-err><![CDATA[]]></system-err>
   </testsuite>
   <testsuite name="Ts_3NavRemove" tests="2" failures="0" errors="0" time="104.232" skipped="0" timestamp="18-05-2024T18:44:07" hostname="GA253NH - IN3268364W1.ey.net" id="Test Suites/Ts_3NavRemove">
      <properties>
         <property name="deviceName" value=""/>
         <property name="devicePlatform" value=""/>
         <property name="logFolder" value="C:\\Users\\GA253NH\\git\\katalonpractice\\Reports\\20240518_184029\\Ts_3NavRemove\\20240518_184036"/>
         <property name="logFiles" value="C:\\Users\\GA253NH\\git\\katalonpractice\\Reports\\20240518_184029\\Ts_3NavRemove\\20240518_184036\\execution0.log"/>
         <property name="attachments" value=""/>
         <property name="hostName" value="GA253NH - IN3268364W1.ey.net"/>
         <property name="os" value="Windows 10 64bit"/>
         <property name="katalonVersion" value="9.4.0.212"/>
         <property name="browser" value="Edge Chromium 124"/>
         <property name="hostAddress" value="192.168.0.141"/>
         <property name="sessionId" value="7df31a99ad677ccb80bccaca60c6de70"/>
         <property name="seleniumVersion" value="3.141.59"/>
         <property name="proxyInformation" value="ProxyInformation { proxyOption=NO_PROXY, proxyServerType=HTTP, username=, password=********, proxyServerAddress=, proxyServerPort=0, executionList=&quot;&quot;, isApplyToDesiredCapabilities=true }"/>
         <property name="platform" value="Windows 10"/>
      </properties>
      <testcase name="Test Cases/NavigationJpet" time="89.718" classname="Test Cases/NavigationJpet" status="PASSED">
         <system-out><![CDATA[18-05-2024T18:44:07 - [TEST_CASE][PASSED] - Test Cases/NavigationJpet: Test Cases/NavigationJpet

18-05-2024T18:44:07 - [TEST_STEP][PASSED] - openBrowser(""): Browser is opened with url: ''

18-05-2024T18:44:08 - [MESSAGE][INFO] - Starting 'Edge Chromium' driver

18-05-2024T18:44:11 - [MESSAGE][INFO] - Action delay is set to 0 milliseconds

18-05-2024T18:44:14 - [MESSAGE][PASSED] - Browser is opened with url: ''

18-05-2024T18:44:14 - [TEST_STEP][PASSED] - navigateToUrl("https://petstore.octoperf.com/"): Navigate to 'https://petstore.octoperf.com/' successfully

18-05-2024T18:44:16 - [MESSAGE][PASSED] - Navigate to 'https://petstore.octoperf.com/' successfully

18-05-2024T18:44:16 - [TEST_STEP][PASSED] - click(findTestObject("Object Repository/NavigationJpet/Page_JPetStore Demo/a_Enter the Store")): Object: 'Object Repository/NavigationJpet/Page_JPetStore Demo/a_Enter the Store' is clicked on

18-05-2024T18:44:17 - [MESSAGE][PASSED] - Object: 'Object Repository/NavigationJpet/Page_JPetStore Demo/a_Enter the Store' is clicked on

18-05-2024T18:44:17 - [TEST_STEP][PASSED] - click(findTestObject("Object Repository/NavigationJpet/Page_JPetStore Demo/a_Sign In")): Object: 'Object Repository/NavigationJpet/Page_JPetStore Demo/a_Sign In' is clicked on

18-05-2024T18:44:18 - [MESSAGE][PASSED] - Object: 'Object Repository/NavigationJpet/Page_JPetStore Demo/a_Sign In' is clicked on

18-05-2024T18:44:18 - [TEST_STEP][PASSED] - setText(findTestObject("Object Repository/NavigationJpet/Page_JPetStore Demo/input_Need a user name and password_username"), "mohan1"): Text 'mohan1' is set on object 'Object Repository/NavigationJpet/Page_JPetStore Demo/input_Need a user name and password_username'

18-05-2024T18:44:49 - [MESSAGE][INFO] - Unable to find the element located by 'By.xpath: //input[@id='stripes--837349508']'. Please recheck the objects properties to make sure the desired element is located. 

18-05-2024T18:44:49 - [MESSAGE][WARNING] - [SELF-HEALING] Failed to find element with id 'Object Repository/NavigationJpet/Page_JPetStore Demo/input_Need a user name and password_username'. Try using Self-healing.

18-05-2024T18:44:50 - [MESSAGE][WARNING] - [SELF-HEALING] The current locator of test object 'Object Repository/NavigationJpet/Page_JPetStore Demo/input_Need a user name and password_username' was broken. Propose an alternative one: '//div[@id='Catalog']/form/p[2]/input'.

18-05-2024T18:45:21 - [MESSAGE][INFO] - Unable to find the element located by 'By.xpath: //input[@id='stripes--837349508']'. Please recheck the objects properties to make sure the desired element is located. 

18-05-2024T18:45:21 - [MESSAGE][WARNING] - [SELF-HEALING] Failed to find element with id 'Object Repository/NavigationJpet/Page_JPetStore Demo/input_Need a user name and password_username'. Try using Self-healing.

18-05-2024T18:45:21 - [MESSAGE][WARNING] - [SELF-HEALING] The current locator of test object 'Object Repository/NavigationJpet/Page_JPetStore Demo/input_Need a user name and password_username' was broken. Propose an alternative one: '//div[@id='Catalog']/form/p[2]/input'.

18-05-2024T18:45:21 - [MESSAGE][PASSED] - Text 'mohan1' is set on object 'Object Repository/NavigationJpet/Page_JPetStore Demo/input_Need a user name and password_username'

18-05-2024T18:45:21 - [TEST_STEP][PASSED] - setEncryptedText(findTestObject("Object Repository/NavigationJpet/Page_JPetStore Demo/input_Need a user name and password_password"), "NXt0rM6HQe0="): Text ****** has been set on object 'Object Repository/NavigationJpet/Page_JPetStore Demo/input_Need a user name and password_password'

18-05-2024T18:45:22 - [MESSAGE][PASSED] - Text ****** has been set on object 'Object Repository/NavigationJpet/Page_JPetStore Demo/input_Need a user name and password_password'

18-05-2024T18:45:22 - [TEST_STEP][PASSED] - click(findTestObject("Object Repository/NavigationJpet/Page_JPetStore Demo/input_Need a user name and password_signon")): Object: 'Object Repository/NavigationJpet/Page_JPetStore Demo/input_Need a user name and password_signon' is clicked on

18-05-2024T18:45:23 - [MESSAGE][PASSED] - Object: 'Object Repository/NavigationJpet/Page_JPetStore Demo/input_Need a user name and password_signon' is clicked on

18-05-2024T18:45:23 - [TEST_STEP][PASSED] - click(findTestObject("Object Repository/NavigationJpet/Page_JPetStore Demo/img")): Object: 'Object Repository/NavigationJpet/Page_JPetStore Demo/img' is clicked on

18-05-2024T18:45:24 - [MESSAGE][PASSED] - Object: 'Object Repository/NavigationJpet/Page_JPetStore Demo/img' is clicked on

18-05-2024T18:45:24 - [TEST_STEP][PASSED] - click(findTestObject("Object Repository/NavigationJpet/Page_JPetStore Demo/a_FI-SW-01")): Object: 'Object Repository/NavigationJpet/Page_JPetStore Demo/a_FI-SW-01' is clicked on

18-05-2024T18:45:25 - [MESSAGE][PASSED] - Object: 'Object Repository/NavigationJpet/Page_JPetStore Demo/a_FI-SW-01' is clicked on

18-05-2024T18:45:25 - [TEST_STEP][PASSED] - click(findTestObject("Object Repository/NavigationJpet/Page_JPetStore Demo/a_EST-1")): Object: 'Object Repository/NavigationJpet/Page_JPetStore Demo/a_EST-1' is clicked on

18-05-2024T18:45:26 - [MESSAGE][PASSED] - Object: 'Object Repository/NavigationJpet/Page_JPetStore Demo/a_EST-1' is clicked on

18-05-2024T18:45:26 - [TEST_STEP][PASSED] - click(findTestObject("Object Repository/NavigationJpet/Page_JPetStore Demo/img_1")): Object: 'Object Repository/NavigationJpet/Page_JPetStore Demo/img_1' is clicked on

18-05-2024T18:45:26 - [MESSAGE][PASSED] - Object: 'Object Repository/NavigationJpet/Page_JPetStore Demo/img_1' is clicked on

18-05-2024T18:45:26 - [TEST_STEP][PASSED] - click(findTestObject("Object Repository/NavigationJpet/Page_JPetStore Demo/a_K9-BD-01")): Object: 'Object Repository/NavigationJpet/Page_JPetStore Demo/a_K9-BD-01' is clicked on

18-05-2024T18:45:27 - [MESSAGE][PASSED] - Object: 'Object Repository/NavigationJpet/Page_JPetStore Demo/a_K9-BD-01' is clicked on

18-05-2024T18:45:27 - [TEST_STEP][PASSED] - click(findTestObject("Object Repository/NavigationJpet/Page_JPetStore Demo/a_EST-6")): Object: 'Object Repository/NavigationJpet/Page_JPetStore Demo/a_EST-6' is clicked on

18-05-2024T18:45:28 - [MESSAGE][PASSED] - Object: 'Object Repository/NavigationJpet/Page_JPetStore Demo/a_EST-6' is clicked on

18-05-2024T18:45:28 - [TEST_STEP][PASSED] - click(findTestObject("Object Repository/NavigationJpet/Page_JPetStore Demo/img_1_2")): Object: 'Object Repository/NavigationJpet/Page_JPetStore Demo/img_1_2' is clicked on

18-05-2024T18:45:29 - [MESSAGE][PASSED] - Object: 'Object Repository/NavigationJpet/Page_JPetStore Demo/img_1_2' is clicked on

18-05-2024T18:45:29 - [TEST_STEP][PASSED] - click(findTestObject("Object Repository/NavigationJpet/Page_JPetStore Demo/a_RP-SN-01")): Object: 'Object Repository/NavigationJpet/Page_JPetStore Demo/a_RP-SN-01' is clicked on

18-05-2024T18:45:30 - [MESSAGE][PASSED] - Object: 'Object Repository/NavigationJpet/Page_JPetStore Demo/a_RP-SN-01' is clicked on

18-05-2024T18:45:30 - [TEST_STEP][PASSED] - click(findTestObject("Object Repository/NavigationJpet/Page_JPetStore Demo/a_EST-11")): Object: 'Object Repository/NavigationJpet/Page_JPetStore Demo/a_EST-11' is clicked on

18-05-2024T18:45:31 - [MESSAGE][PASSED] - Object: 'Object Repository/NavigationJpet/Page_JPetStore Demo/a_EST-11' is clicked on

18-05-2024T18:45:31 - [TEST_STEP][PASSED] - click(findTestObject("Object Repository/NavigationJpet/Page_JPetStore Demo/img_1_2_3")): Object: 'Object Repository/NavigationJpet/Page_JPetStore Demo/img_1_2_3' is clicked on

18-05-2024T18:45:32 - [MESSAGE][PASSED] - Object: 'Object Repository/NavigationJpet/Page_JPetStore Demo/img_1_2_3' is clicked on

18-05-2024T18:45:32 - [TEST_STEP][PASSED] - click(findTestObject("Object Repository/NavigationJpet/Page_JPetStore Demo/a_FL-DSH-01")): Object: 'Object Repository/NavigationJpet/Page_JPetStore Demo/a_FL-DSH-01' is clicked on

18-05-2024T18:45:32 - [MESSAGE][PASSED] - Object: 'Object Repository/NavigationJpet/Page_JPetStore Demo/a_FL-DSH-01' is clicked on

18-05-2024T18:45:32 - [TEST_STEP][PASSED] - click(findTestObject("Object Repository/NavigationJpet/Page_JPetStore Demo/a_EST-14")): Object: 'Object Repository/NavigationJpet/Page_JPetStore Demo/a_EST-14' is clicked on

18-05-2024T18:45:33 - [MESSAGE][PASSED] - Object: 'Object Repository/NavigationJpet/Page_JPetStore Demo/a_EST-14' is clicked on

18-05-2024T18:45:33 - [TEST_STEP][PASSED] - click(findTestObject("Object Repository/NavigationJpet/Page_JPetStore Demo/img_1_2_3_4")): Object: 'Object Repository/NavigationJpet/Page_JPetStore Demo/img_1_2_3_4' is clicked on

18-05-2024T18:45:34 - [MESSAGE][PASSED] - Object: 'Object Repository/NavigationJpet/Page_JPetStore Demo/img_1_2_3_4' is clicked on

18-05-2024T18:45:34 - [TEST_STEP][PASSED] - click(findTestObject("Object Repository/NavigationJpet/Page_JPetStore Demo/a_AV-CB-01")): Object: 'Object Repository/NavigationJpet/Page_JPetStore Demo/a_AV-CB-01' is clicked on

18-05-2024T18:45:35 - [MESSAGE][PASSED] - Object: 'Object Repository/NavigationJpet/Page_JPetStore Demo/a_AV-CB-01' is clicked on

18-05-2024T18:45:35 - [TEST_STEP][PASSED] - click(findTestObject("Object Repository/NavigationJpet/Page_JPetStore Demo/a_Sign Out")): Object: 'Object Repository/NavigationJpet/Page_JPetStore Demo/a_Sign Out' is clicked on

18-05-2024T18:45:36 - [MESSAGE][PASSED] - Object: 'Object Repository/NavigationJpet/Page_JPetStore Demo/a_Sign Out' is clicked on

18-05-2024T18:45:36 - [TEST_STEP][PASSED] - closeBrowser(): Browser is closed

18-05-2024T18:45:37 - [MESSAGE][PASSED] - Browser is closed]]></system-out>
         <system-err><![CDATA[]]></system-err>
      </testcase>
      <testcase name="Test Cases/RemoveProducts" time="14.27" classname="Test Cases/RemoveProducts" status="PASSED">
         <system-out><![CDATA[18-05-2024T18:45:37 - [TEST_CASE][PASSED] - Test Cases/RemoveProducts: Test Cases/RemoveProducts

18-05-2024T18:45:37 - [TEST_STEP][PASSED] - openBrowser(""): Browser is opened with url: ''

18-05-2024T18:45:37 - [MESSAGE][INFO] - Starting 'Edge Chromium' driver

18-05-2024T18:45:40 - [MESSAGE][INFO] - Action delay is set to 0 milliseconds

18-05-2024T18:45:42 - [MESSAGE][PASSED] - Browser is opened with url: ''

18-05-2024T18:45:42 - [TEST_STEP][PASSED] - navigateToUrl("https://www.saucedemo.com/v1/"): Navigate to 'https://www.saucedemo.com/v1/' successfully

18-05-2024T18:45:44 - [MESSAGE][PASSED] - Navigate to 'https://www.saucedemo.com/v1/' successfully

18-05-2024T18:45:44 - [TEST_STEP][PASSED] - click(findTestObject("Object Repository/removeProducts/Page_Swag Labs/div_Accepted usernames are                s_40dcc1")): Object: 'Object Repository/removeProducts/Page_Swag Labs/div_Accepted usernames are                s_40dcc1' is clicked on

18-05-2024T18:45:45 - [MESSAGE][PASSED] - Object: 'Object Repository/removeProducts/Page_Swag Labs/div_Accepted usernames are                s_40dcc1' is clicked on

18-05-2024T18:45:45 - [TEST_STEP][PASSED] - setText(findTestObject("Object Repository/removeProducts/Page_Swag Labs/input_standard_userlocked_out_userproblem_u_db77ac"), "standard_user"): Text 'standard_user' is set on object 'Object Repository/removeProducts/Page_Swag Labs/input_standard_userlocked_out_userproblem_u_db77ac'

18-05-2024T18:45:46 - [MESSAGE][PASSED] - Text 'standard_user' is set on object 'Object Repository/removeProducts/Page_Swag Labs/input_standard_userlocked_out_userproblem_u_db77ac'

18-05-2024T18:45:46 - [TEST_STEP][PASSED] - setEncryptedText(findTestObject("Object Repository/removeProducts/Page_Swag Labs/input_standard_userlocked_out_userproblem_u_3423e9"), "qcu24s4901FyWDTwXGr6XA=="): Text ****** has been set on object 'Object Repository/removeProducts/Page_Swag Labs/input_standard_userlocked_out_userproblem_u_3423e9'

18-05-2024T18:45:46 - [MESSAGE][PASSED] - Text ****** has been set on object 'Object Repository/removeProducts/Page_Swag Labs/input_standard_userlocked_out_userproblem_u_3423e9'

18-05-2024T18:45:46 - [TEST_STEP][PASSED] - click(findTestObject("Object Repository/removeProducts/Page_Swag Labs/input_standard_userlocked_out_userproblem_u_0dff71")): Object: 'Object Repository/removeProducts/Page_Swag Labs/input_standard_userlocked_out_userproblem_u_0dff71' is clicked on

18-05-2024T18:45:47 - [MESSAGE][PASSED] - Object: 'Object Repository/removeProducts/Page_Swag Labs/input_standard_userlocked_out_userproblem_u_0dff71' is clicked on

18-05-2024T18:45:47 - [TEST_STEP][PASSED] - click(findTestObject("Object Repository/removeProducts/Page_Swag Labs/button_ADD TO CART")): Object: 'Object Repository/removeProducts/Page_Swag Labs/button_ADD TO CART' is clicked on

18-05-2024T18:45:48 - [MESSAGE][PASSED] - Object: 'Object Repository/removeProducts/Page_Swag Labs/button_ADD TO CART' is clicked on

18-05-2024T18:45:48 - [TEST_STEP][PASSED] - click(findTestObject("Object Repository/removeProducts/Page_Swag Labs/div_Sauce Labs Backpack")): Object: 'Object Repository/removeProducts/Page_Swag Labs/div_Sauce Labs Backpack' is clicked on

18-05-2024T18:45:49 - [MESSAGE][PASSED] - Object: 'Object Repository/removeProducts/Page_Swag Labs/div_Sauce Labs Backpack' is clicked on

18-05-2024T18:45:49 - [TEST_STEP][PASSED] - click(findTestObject("Object Repository/removeProducts/Page_Swag Labs/button_REMOVE")): Object: 'Object Repository/removeProducts/Page_Swag Labs/button_REMOVE' is clicked on

18-05-2024T18:45:49 - [MESSAGE][PASSED] - Object: 'Object Repository/removeProducts/Page_Swag Labs/button_REMOVE' is clicked on

18-05-2024T18:45:49 - [TEST_STEP][PASSED] - click(findTestObject("Object Repository/removeProducts/Page_Swag Labs/button_Open Menu")): Object: 'Object Repository/removeProducts/Page_Swag Labs/button_Open Menu' is clicked on

18-05-2024T18:45:50 - [MESSAGE][PASSED] - Object: 'Object Repository/removeProducts/Page_Swag Labs/button_Open Menu' is clicked on

18-05-2024T18:45:50 - [TEST_STEP][PASSED] - click(findTestObject("Object Repository/removeProducts/Page_Swag Labs/a_Logout")): Object: 'Object Repository/removeProducts/Page_Swag Labs/a_Logout' is clicked on

18-05-2024T18:45:50 - [MESSAGE][PASSED] - Object: 'Object Repository/removeProducts/Page_Swag Labs/a_Logout' is clicked on

18-05-2024T18:45:50 - [TEST_STEP][PASSED] - closeBrowser(): Browser is closed

18-05-2024T18:45:51 - [MESSAGE][PASSED] - Browser is closed]]></system-out>
         <system-err><![CDATA[]]></system-err>
      </testcase>
      <system-out><![CDATA[18-05-2024T18:44:07 - [TEST_SUITE][PASSED] - Ts_3NavRemove: Test Cases/RemoveProducts]]></system-out>
      <system-err><![CDATA[]]></system-err>
   </testsuite>
   <testsuite name="MiscellaneousProducts" tests="4" failures="0" errors="0" time="135.891" skipped="0" timestamp="18-05-2024T18:45:57" hostname="GA253NH - IN3268364W1.ey.net" id="Test Suites/MiscellaneousProducts">
      <properties>
         <property name="deviceName" value=""/>
         <property name="devicePlatform" value=""/>
         <property name="logFolder" value="C:\\Users\\GA253NH\\git\\katalonpractice\\Reports\\20240518_184029\\MiscellaneousProducts\\20240518_184038"/>
         <property name="logFiles" value="C:\\Users\\GA253NH\\git\\katalonpractice\\Reports\\20240518_184029\\MiscellaneousProducts\\20240518_184038\\execution0.log"/>
         <property name="attachments" value=""/>
         <property name="hostName" value="GA253NH - IN3268364W1.ey.net"/>
         <property name="os" value="Windows 10 64bit"/>
         <property name="katalonVersion" value="9.4.0.212"/>
         <property name="browser" value="Edge Chromium 124"/>
         <property name="hostAddress" value="192.168.0.141"/>
         <property name="sessionId" value="9b4915d7047c45876472ff552db94408"/>
         <property name="seleniumVersion" value="3.141.59"/>
         <property name="proxyInformation" value="ProxyInformation { proxyOption=NO_PROXY, proxyServerType=HTTP, username=, password=********, proxyServerAddress=, proxyServerPort=0, executionList=&quot;&quot;, isApplyToDesiredCapabilities=true }"/>
         <property name="platform" value="Windows 10"/>
      </properties>
      <testcase name="Test Cases/login" time="12.886" classname="Test Cases/login" status="PASSED">
         <system-out><![CDATA[18-05-2024T18:45:57 - [TEST_CASE][PASSED] - Test Cases/login: Test Cases/login

18-05-2024T18:45:58 - [TEST_STEP][PASSED] - openBrowser(""): Browser is opened with url: ''

18-05-2024T18:45:58 - [MESSAGE][INFO] - Starting 'Edge Chromium' driver

18-05-2024T18:46:01 - [MESSAGE][INFO] - Action delay is set to 0 milliseconds

18-05-2024T18:46:04 - [MESSAGE][PASSED] - Browser is opened with url: ''

18-05-2024T18:46:04 - [TEST_STEP][PASSED] - navigateToUrl("https://www.saucedemo.com/v1/"): Navigate to 'https://www.saucedemo.com/v1/' successfully

18-05-2024T18:46:06 - [MESSAGE][PASSED] - Navigate to 'https://www.saucedemo.com/v1/' successfully

18-05-2024T18:46:06 - [TEST_STEP][PASSED] - setText(findTestObject("Object Repository/order/Page_Swag Labs/input_standard_userlocked_out_userproblem_u_db77ac"), "standard_user"): Text 'standard_user' is set on object 'Object Repository/order/Page_Swag Labs/input_standard_userlocked_out_userproblem_u_db77ac'

18-05-2024T18:46:07 - [MESSAGE][PASSED] - Text 'standard_user' is set on object 'Object Repository/order/Page_Swag Labs/input_standard_userlocked_out_userproblem_u_db77ac'

18-05-2024T18:46:07 - [TEST_STEP][PASSED] - setEncryptedText(findTestObject("Object Repository/order/Page_Swag Labs/input_standard_userlocked_out_userproblem_u_3423e9"), "qcu24s4901FyWDTwXGr6XA=="): Text ****** has been set on object 'Object Repository/order/Page_Swag Labs/input_standard_userlocked_out_userproblem_u_3423e9'

18-05-2024T18:46:07 - [MESSAGE][PASSED] - Text ****** has been set on object 'Object Repository/order/Page_Swag Labs/input_standard_userlocked_out_userproblem_u_3423e9'

18-05-2024T18:46:07 - [TEST_STEP][PASSED] - click(findTestObject("Object Repository/order/Page_Swag Labs/input_standard_userlocked_out_userproblem_u_0dff71")): Object: 'Object Repository/order/Page_Swag Labs/input_standard_userlocked_out_userproblem_u_0dff71' is clicked on

18-05-2024T18:46:08 - [MESSAGE][PASSED] - Object: 'Object Repository/order/Page_Swag Labs/input_standard_userlocked_out_userproblem_u_0dff71' is clicked on

18-05-2024T18:46:08 - [TEST_STEP][PASSED] - click(findTestObject("Object Repository/order/Page_Swag Labs/button_Open Menu")): Object: 'Object Repository/order/Page_Swag Labs/button_Open Menu' is clicked on

18-05-2024T18:46:09 - [MESSAGE][PASSED] - Object: 'Object Repository/order/Page_Swag Labs/button_Open Menu' is clicked on

18-05-2024T18:46:09 - [TEST_STEP][PASSED] - click(findTestObject("Object Repository/order/Page_Swag Labs/a_Logout")): Object: 'Object Repository/order/Page_Swag Labs/a_Logout' is clicked on

18-05-2024T18:46:10 - [MESSAGE][PASSED] - Object: 'Object Repository/order/Page_Swag Labs/a_Logout' is clicked on

18-05-2024T18:46:10 - [TEST_STEP][PASSED] - closeBrowser(): Browser is closed

18-05-2024T18:46:10 - [MESSAGE][PASSED] - Browser is closed]]></system-out>
         <system-err><![CDATA[]]></system-err>
      </testcase>
      <testcase name="Test Cases/orderMultiple" time="19.613" classname="Test Cases/orderMultiple" status="PASSED">
         <system-out><![CDATA[18-05-2024T18:46:10 - [TEST_CASE][PASSED] - Test Cases/orderMultiple: Test Cases/orderMultiple

18-05-2024T18:46:10 - [TEST_STEP][PASSED] - openBrowser(""): Browser is opened with url: ''

18-05-2024T18:46:10 - [MESSAGE][INFO] - Starting 'Edge Chromium' driver

18-05-2024T18:46:14 - [MESSAGE][INFO] - Action delay is set to 0 milliseconds

18-05-2024T18:46:15 - [MESSAGE][PASSED] - Browser is opened with url: ''

18-05-2024T18:46:15 - [TEST_STEP][PASSED] - navigateToUrl("https://www.saucedemo.com/v1/"): Navigate to 'https://www.saucedemo.com/v1/' successfully

18-05-2024T18:46:17 - [MESSAGE][PASSED] - Navigate to 'https://www.saucedemo.com/v1/' successfully

18-05-2024T18:46:17 - [TEST_STEP][PASSED] - maximizeWindow(): Current window maximized

18-05-2024T18:46:17 - [MESSAGE][PASSED] - Current window maximized

18-05-2024T18:46:17 - [TEST_STEP][PASSED] - setText(findTestObject("Object Repository/orderMultiple2/Page_Swag Labs/input_standard_userlocked_out_userproblem_u_db77ac"), "standard_user"): Text 'standard_user' is set on object 'Object Repository/orderMultiple2/Page_Swag Labs/input_standard_userlocked_out_userproblem_u_db77ac'

18-05-2024T18:46:18 - [MESSAGE][PASSED] - Text 'standard_user' is set on object 'Object Repository/orderMultiple2/Page_Swag Labs/input_standard_userlocked_out_userproblem_u_db77ac'

18-05-2024T18:46:18 - [TEST_STEP][PASSED] - setEncryptedText(findTestObject("Object Repository/orderMultiple2/Page_Swag Labs/input_standard_userlocked_out_userproblem_u_3423e9"), "qcu24s4901FyWDTwXGr6XA=="): Text ****** has been set on object 'Object Repository/orderMultiple2/Page_Swag Labs/input_standard_userlocked_out_userproblem_u_3423e9'

18-05-2024T18:46:19 - [MESSAGE][PASSED] - Text ****** has been set on object 'Object Repository/orderMultiple2/Page_Swag Labs/input_standard_userlocked_out_userproblem_u_3423e9'

18-05-2024T18:46:19 - [TEST_STEP][PASSED] - click(findTestObject("Object Repository/orderMultiple2/Page_Swag Labs/input_standard_userlocked_out_userproblem_u_0dff71")): Object: 'Object Repository/orderMultiple2/Page_Swag Labs/input_standard_userlocked_out_userproblem_u_0dff71' is clicked on

18-05-2024T18:46:20 - [MESSAGE][PASSED] - Object: 'Object Repository/orderMultiple2/Page_Swag Labs/input_standard_userlocked_out_userproblem_u_0dff71' is clicked on

18-05-2024T18:46:20 - [TEST_STEP][PASSED] - click(findTestObject("Object Repository/orderMultiple2/Page_Swag Labs/div_Sauce Labs Backpack")): Object: 'Object Repository/orderMultiple2/Page_Swag Labs/div_Sauce Labs Backpack' is clicked on

18-05-2024T18:46:21 - [MESSAGE][PASSED] - Object: 'Object Repository/orderMultiple2/Page_Swag Labs/div_Sauce Labs Backpack' is clicked on

18-05-2024T18:46:21 - [TEST_STEP][PASSED] - click(findTestObject("Object Repository/orderMultiple2/Page_Swag Labs/button_ADD TO CART")): Object: 'Object Repository/orderMultiple2/Page_Swag Labs/button_ADD TO CART' is clicked on

18-05-2024T18:46:21 - [MESSAGE][PASSED] - Object: 'Object Repository/orderMultiple2/Page_Swag Labs/button_ADD TO CART' is clicked on

18-05-2024T18:46:21 - [TEST_STEP][PASSED] - click(findTestObject("Object Repository/orderMultiple2/Page_Swag Labs/button_- Back")): Object: 'Object Repository/orderMultiple2/Page_Swag Labs/button_- Back' is clicked on

18-05-2024T18:46:22 - [MESSAGE][PASSED] - Object: 'Object Repository/orderMultiple2/Page_Swag Labs/button_- Back' is clicked on

18-05-2024T18:46:22 - [TEST_STEP][PASSED] - click(findTestObject("Object Repository/orderMultiple2/Page_Swag Labs/div_Sauce Labs Bike Light")): Object: 'Object Repository/orderMultiple2/Page_Swag Labs/div_Sauce Labs Bike Light' is clicked on

18-05-2024T18:46:23 - [MESSAGE][PASSED] - Object: 'Object Repository/orderMultiple2/Page_Swag Labs/div_Sauce Labs Bike Light' is clicked on

18-05-2024T18:46:23 - [TEST_STEP][PASSED] - click(findTestObject("Object Repository/orderMultiple2/Page_Swag Labs/button_ADD TO CART")): Object: 'Object Repository/orderMultiple2/Page_Swag Labs/button_ADD TO CART' is clicked on

18-05-2024T18:46:23 - [MESSAGE][PASSED] - Object: 'Object Repository/orderMultiple2/Page_Swag Labs/button_ADD TO CART' is clicked on

18-05-2024T18:46:23 - [TEST_STEP][PASSED] - click(findTestObject("Object Repository/orderMultiple2/Page_Swag Labs/svg_Swag Labs_svg-inline--fa fa-shopping-ca_963f6f")): Object: 'Object Repository/orderMultiple2/Page_Swag Labs/svg_Swag Labs_svg-inline--fa fa-shopping-ca_963f6f' is clicked on

18-05-2024T18:46:24 - [MESSAGE][PASSED] - Object: 'Object Repository/orderMultiple2/Page_Swag Labs/svg_Swag Labs_svg-inline--fa fa-shopping-ca_963f6f' is clicked on

18-05-2024T18:46:24 - [TEST_STEP][PASSED] - click(findTestObject("Object Repository/orderMultiple2/Page_Swag Labs/a_CHECKOUT")): Object: 'Object Repository/orderMultiple2/Page_Swag Labs/a_CHECKOUT' is clicked on

18-05-2024T18:46:25 - [MESSAGE][PASSED] - Object: 'Object Repository/orderMultiple2/Page_Swag Labs/a_CHECKOUT' is clicked on

18-05-2024T18:46:25 - [TEST_STEP][PASSED] - setText(findTestObject("Object Repository/orderMultiple2/Page_Swag Labs/input_Checkout Your Information_first-name"), "test1"): Text 'test1' is set on object 'Object Repository/orderMultiple2/Page_Swag Labs/input_Checkout Your Information_first-name'

18-05-2024T18:46:26 - [MESSAGE][PASSED] - Text 'test1' is set on object 'Object Repository/orderMultiple2/Page_Swag Labs/input_Checkout Your Information_first-name'

18-05-2024T18:46:26 - [TEST_STEP][PASSED] - setText(findTestObject("Object Repository/orderMultiple2/Page_Swag Labs/input_Checkout Your Information_last-name"), "test2"): Text 'test2' is set on object 'Object Repository/orderMultiple2/Page_Swag Labs/input_Checkout Your Information_last-name'

18-05-2024T18:46:27 - [MESSAGE][PASSED] - Text 'test2' is set on object 'Object Repository/orderMultiple2/Page_Swag Labs/input_Checkout Your Information_last-name'

18-05-2024T18:46:27 - [TEST_STEP][PASSED] - setText(findTestObject("Object Repository/orderMultiple2/Page_Swag Labs/input_Checkout Your Information_postal-code"), "200345"): Text '200345' is set on object 'Object Repository/orderMultiple2/Page_Swag Labs/input_Checkout Your Information_postal-code'

18-05-2024T18:46:28 - [MESSAGE][PASSED] - Text '200345' is set on object 'Object Repository/orderMultiple2/Page_Swag Labs/input_Checkout Your Information_postal-code'

18-05-2024T18:46:28 - [TEST_STEP][PASSED] - click(findTestObject("Object Repository/orderMultiple2/Page_Swag Labs/input_CANCEL_btn_primary cart_button")): Object: 'Object Repository/orderMultiple2/Page_Swag Labs/input_CANCEL_btn_primary cart_button' is clicked on

18-05-2024T18:46:28 - [MESSAGE][PASSED] - Object: 'Object Repository/orderMultiple2/Page_Swag Labs/input_CANCEL_btn_primary cart_button' is clicked on

18-05-2024T18:46:28 - [TEST_STEP][PASSED] - click(findTestObject("Object Repository/orderMultiple2/Page_Swag Labs/a_FINISH")): Object: 'Object Repository/orderMultiple2/Page_Swag Labs/a_FINISH' is clicked on

18-05-2024T18:46:29 - [MESSAGE][PASSED] - Object: 'Object Repository/orderMultiple2/Page_Swag Labs/a_FINISH' is clicked on

18-05-2024T18:46:29 - [TEST_STEP][PASSED] - closeBrowser(): Browser is closed

18-05-2024T18:46:30 - [MESSAGE][PASSED] - Browser is closed]]></system-out>
         <system-err><![CDATA[]]></system-err>
      </testcase>
      <testcase name="Test Cases/RemoveProducts" time="14.58" classname="Test Cases/RemoveProducts" status="PASSED">
         <system-out><![CDATA[18-05-2024T18:46:30 - [TEST_CASE][PASSED] - Test Cases/RemoveProducts: Test Cases/RemoveProducts

18-05-2024T18:46:30 - [TEST_STEP][PASSED] - openBrowser(""): Browser is opened with url: ''

18-05-2024T18:46:30 - [MESSAGE][INFO] - Starting 'Edge Chromium' driver

18-05-2024T18:46:33 - [MESSAGE][INFO] - Action delay is set to 0 milliseconds

18-05-2024T18:46:35 - [MESSAGE][PASSED] - Browser is opened with url: ''

18-05-2024T18:46:35 - [TEST_STEP][PASSED] - navigateToUrl("https://www.saucedemo.com/v1/"): Navigate to 'https://www.saucedemo.com/v1/' successfully

18-05-2024T18:46:37 - [MESSAGE][PASSED] - Navigate to 'https://www.saucedemo.com/v1/' successfully

18-05-2024T18:46:37 - [TEST_STEP][PASSED] - click(findTestObject("Object Repository/removeProducts/Page_Swag Labs/div_Accepted usernames are                s_40dcc1")): Object: 'Object Repository/removeProducts/Page_Swag Labs/div_Accepted usernames are                s_40dcc1' is clicked on

18-05-2024T18:46:37 - [MESSAGE][PASSED] - Object: 'Object Repository/removeProducts/Page_Swag Labs/div_Accepted usernames are                s_40dcc1' is clicked on

18-05-2024T18:46:37 - [TEST_STEP][PASSED] - setText(findTestObject("Object Repository/removeProducts/Page_Swag Labs/input_standard_userlocked_out_userproblem_u_db77ac"), "standard_user"): Text 'standard_user' is set on object 'Object Repository/removeProducts/Page_Swag Labs/input_standard_userlocked_out_userproblem_u_db77ac'

18-05-2024T18:46:38 - [MESSAGE][PASSED] - Text 'standard_user' is set on object 'Object Repository/removeProducts/Page_Swag Labs/input_standard_userlocked_out_userproblem_u_db77ac'

18-05-2024T18:46:38 - [TEST_STEP][PASSED] - setEncryptedText(findTestObject("Object Repository/removeProducts/Page_Swag Labs/input_standard_userlocked_out_userproblem_u_3423e9"), "qcu24s4901FyWDTwXGr6XA=="): Text ****** has been set on object 'Object Repository/removeProducts/Page_Swag Labs/input_standard_userlocked_out_userproblem_u_3423e9'

18-05-2024T18:46:39 - [MESSAGE][PASSED] - Text ****** has been set on object 'Object Repository/removeProducts/Page_Swag Labs/input_standard_userlocked_out_userproblem_u_3423e9'

18-05-2024T18:46:39 - [TEST_STEP][PASSED] - click(findTestObject("Object Repository/removeProducts/Page_Swag Labs/input_standard_userlocked_out_userproblem_u_0dff71")): Object: 'Object Repository/removeProducts/Page_Swag Labs/input_standard_userlocked_out_userproblem_u_0dff71' is clicked on

18-05-2024T18:46:41 - [MESSAGE][PASSED] - Object: 'Object Repository/removeProducts/Page_Swag Labs/input_standard_userlocked_out_userproblem_u_0dff71' is clicked on

18-05-2024T18:46:41 - [TEST_STEP][PASSED] - click(findTestObject("Object Repository/removeProducts/Page_Swag Labs/button_ADD TO CART")): Object: 'Object Repository/removeProducts/Page_Swag Labs/button_ADD TO CART' is clicked on

18-05-2024T18:46:41 - [MESSAGE][PASSED] - Object: 'Object Repository/removeProducts/Page_Swag Labs/button_ADD TO CART' is clicked on

18-05-2024T18:46:41 - [TEST_STEP][PASSED] - click(findTestObject("Object Repository/removeProducts/Page_Swag Labs/div_Sauce Labs Backpack")): Object: 'Object Repository/removeProducts/Page_Swag Labs/div_Sauce Labs Backpack' is clicked on

18-05-2024T18:46:42 - [MESSAGE][PASSED] - Object: 'Object Repository/removeProducts/Page_Swag Labs/div_Sauce Labs Backpack' is clicked on

18-05-2024T18:46:42 - [TEST_STEP][PASSED] - click(findTestObject("Object Repository/removeProducts/Page_Swag Labs/button_REMOVE")): Object: 'Object Repository/removeProducts/Page_Swag Labs/button_REMOVE' is clicked on

18-05-2024T18:46:43 - [MESSAGE][PASSED] - Object: 'Object Repository/removeProducts/Page_Swag Labs/button_REMOVE' is clicked on

18-05-2024T18:46:43 - [TEST_STEP][PASSED] - click(findTestObject("Object Repository/removeProducts/Page_Swag Labs/button_Open Menu")): Object: 'Object Repository/removeProducts/Page_Swag Labs/button_Open Menu' is clicked on

18-05-2024T18:46:43 - [MESSAGE][PASSED] - Object: 'Object Repository/removeProducts/Page_Swag Labs/button_Open Menu' is clicked on

18-05-2024T18:46:43 - [TEST_STEP][PASSED] - click(findTestObject("Object Repository/removeProducts/Page_Swag Labs/a_Logout")): Object: 'Object Repository/removeProducts/Page_Swag Labs/a_Logout' is clicked on

18-05-2024T18:46:44 - [MESSAGE][PASSED] - Object: 'Object Repository/removeProducts/Page_Swag Labs/a_Logout' is clicked on

18-05-2024T18:46:44 - [TEST_STEP][PASSED] - closeBrowser(): Browser is closed

18-05-2024T18:46:44 - [MESSAGE][PASSED] - Browser is closed]]></system-out>
         <system-err><![CDATA[]]></system-err>
      </testcase>
      <testcase name="Test Cases/TC_1orderproduct" time="88.577" classname="Test Cases/TC_1orderproduct" status="PASSED">
         <system-out><![CDATA[18-05-2024T18:46:44 - [TEST_CASE][PASSED] - Test Cases/TC_1orderproduct: Test Cases/TC_1orderproduct

18-05-2024T18:46:45 - [TEST_STEP][PASSED] - openBrowser(""): Browser is opened with url: ''

18-05-2024T18:46:45 - [MESSAGE][INFO] - Starting 'Edge Chromium' driver

18-05-2024T18:46:48 - [MESSAGE][INFO] - Action delay is set to 0 milliseconds

18-05-2024T18:46:50 - [MESSAGE][PASSED] - Browser is opened with url: ''

18-05-2024T18:46:50 - [TEST_STEP][PASSED] - navigateToUrl("https://www.saucedemo.com/v1/"): Navigate to 'https://www.saucedemo.com/v1/' successfully

18-05-2024T18:46:51 - [MESSAGE][PASSED] - Navigate to 'https://www.saucedemo.com/v1/' successfully

18-05-2024T18:46:51 - [TEST_STEP][PASSED] - maximizeWindow(): Current window maximized

18-05-2024T18:46:51 - [MESSAGE][PASSED] - Current window maximized

18-05-2024T18:46:51 - [TEST_STEP][PASSED] - setText(findTestObject("Object Repository/swagOrderMultiple/Page_Swag Labs/input_standard_userlocked_out_userproblem_u_db77ac"), "standard_user"): Text 'standard_user' is set on object 'Object Repository/swagOrderMultiple/Page_Swag Labs/input_standard_userlocked_out_userproblem_u_db77ac'

18-05-2024T18:46:52 - [MESSAGE][PASSED] - Text 'standard_user' is set on object 'Object Repository/swagOrderMultiple/Page_Swag Labs/input_standard_userlocked_out_userproblem_u_db77ac'

18-05-2024T18:46:52 - [TEST_STEP][PASSED] - setEncryptedText(findTestObject("Object Repository/swagOrderMultiple/Page_Swag Labs/input_standard_userlocked_out_userproblem_u_3423e9"), "qcu24s4901FyWDTwXGr6XA=="): Text ****** has been set on object 'Object Repository/swagOrderMultiple/Page_Swag Labs/input_standard_userlocked_out_userproblem_u_3423e9'

18-05-2024T18:46:53 - [MESSAGE][PASSED] - Text ****** has been set on object 'Object Repository/swagOrderMultiple/Page_Swag Labs/input_standard_userlocked_out_userproblem_u_3423e9'

18-05-2024T18:46:53 - [TEST_STEP][PASSED] - click(findTestObject("Object Repository/swagOrderMultiple/Page_Swag Labs/input_standard_userlocked_out_userproblem_u_0dff71")): Object: 'Object Repository/swagOrderMultiple/Page_Swag Labs/input_standard_userlocked_out_userproblem_u_0dff71' is clicked on

[...]

18-05-2024T18:48:24 - [MESSAGE][INFO] - Action delay is set to 0 milliseconds

18-05-2024T18:48:26 - [MESSAGE][PASSED] - Browser is opened with url: ''

18-05-2024T18:48:26 - [TEST_STEP][PASSED] - navigateToUrl("https://petstore.octoperf.com/"): Navigate to 'https://petstore.octoperf.com/' successfully

18-05-2024T18:48:28 - [MESSAGE][PASSED] - Navigate to 'https://petstore.octoperf.com/' successfully

18-05-2024T18:48:28 - [TEST_STEP][PASSED] - click(findTestObject("Object Repository/login2/Page_JPetStore Demo/a_Enter the Store")): Object: 'Object Repository/login2/Page_JPetStore Demo/a_Enter the Store' is clicked on

18-05-2024T18:48:30 - [MESSAGE][PASSED] - Object: 'Object Repository/login2/Page_JPetStore Demo/a_Enter the Store' is clicked on

18-05-2024T18:48:30 - [TEST_STEP][PASSED] - click(findTestObject("Object Repository/login2/Page_JPetStore Demo/a_Sign In")): Object: 'Object Repository/login2/Page_JPetStore Demo/a_Sign In' is clicked on

18-05-2024T18:48:31 - [MESSAGE][PASSED] - Object: 'Object Repository/login2/Page_JPetStore Demo/a_Sign In' is clicked on

18-05-2024T18:48:31 - [TEST_STEP][PASSED] - setText(findTestObject("Object Repository/login2/Page_JPetStore Demo/input_Need a user name and password_username"), "mohan1"): Text 'mohan1' is set on object 'Object Repository/login2/Page_JPetStore Demo/input_Need a user name and password_username'

18-05-2024T18:48:31 - [MESSAGE][PASSED] - Text 'mohan1' is set on object 'Object Repository/login2/Page_JPetStore Demo/input_Need a user name and password_username'

18-05-2024T18:48:31 - [TEST_STEP][PASSED] - setEncryptedText(findTestObject("Object Repository/login2/Page_JPetStore Demo/input_Need a user name and password_password"), "NXt0rM6HQe0="): Text ****** has been set on object 'Object Repository/login2/Page_JPetStore Demo/input_Need a user name and password_password'

18-05-2024T18:48:32 - [MESSAGE][PASSED] - Text ****** has been set on object 'Object Repository/login2/Page_JPetStore Demo/input_Need a user name and password_password'

18-05-2024T18:48:32 - [TEST_STEP][PASSED] - click(findTestObject("Object Repository/login2/Page_JPetStore Demo/input_Need a user name and password_signon")): Object: 'Object Repository/login2/Page_JPetStore Demo/input_Need a user name and password_signon' is clicked on

18-05-2024T18:48:33 - [MESSAGE][PASSED] - Object: 'Object Repository/login2/Page_JPetStore Demo/input_Need a user name and password_signon' is clicked on

18-05-2024T18:48:33 - [TEST_STEP][PASSED] - click(findTestObject("Object Repository/login2/Page_JPetStore Demo/a_My Account")): Object: 'Object Repository/login2/Page_JPetStore Demo/a_My Account' is clicked on

18-05-2024T18:48:34 - [MESSAGE][PASSED] - Object: 'Object Repository/login2/Page_JPetStore Demo/a_My Account' is clicked on

18-05-2024T18:48:34 - [TEST_STEP][PASSED] - verifyElementText(findTestObject("Object Repository/login2/Page_JPetStore Demo/td_mohan1"), "mohan1"): Actual text and expected text of test object 'Object Repository/login2/Page_JPetStore Demo/td_mohan1' are matched.

18-05-2024T18:48:34 - [MESSAGE][PASSED] - Actual text and expected text of test object 'Object Repository/login2/Page_JPetStore Demo/td_mohan1' are matched.

18-05-2024T18:48:34 - [TEST_STEP][PASSED] - click(findTestObject("Object Repository/login2/Page_JPetStore Demo/a_Sign Out")): Object: 'Object Repository/login2/Page_JPetStore Demo/a_Sign Out' is clicked on

18-05-2024T18:48:35 - [MESSAGE][PASSED] - Object: 'Object Repository/login2/Page_JPetStore Demo/a_Sign Out' is clicked on

18-05-2024T18:48:35 - [TEST_STEP][PASSED] - closeBrowser(): Browser is closed

18-05-2024T18:48:36 - [MESSAGE][PASSED] - Browser is closed]]></system-out>
         <system-err><![CDATA[]]></system-err>
      </testcase>
      <testcase name="Test Cases/NavigationJpet" time="87.162" classname="Test Cases/NavigationJpet" status="PASSED">
         <system-out><![CDATA[18-05-2024T18:48:36 - [TEST_CASE][PASSED] - Test Cases/NavigationJpet: Test Cases/NavigationJpet

18-05-2024T18:48:36 - [TEST_STEP][PASSED] - openBrowser(""): Browser is opened with url: ''

18-05-2024T18:48:36 - [MESSAGE][INFO] - Starting 'Edge Chromium' driver

18-05-2024T18:48:39 - [MESSAGE][INFO] - Action delay is set to 0 milliseconds

18-05-2024T18:48:41 - [MESSAGE][PASSED] - Browser is opened with url: ''

18-05-2024T18:48:41 - [TEST_STEP][PASSED] - navigateToUrl("https://petstore.octoperf.com/"): Navigate to 'https://petstore.octoperf.com/' successfully

18-05-2024T18:48:42 - [MESSAGE][PASSED] - Navigate to 'https://petstore.octoperf.com/' successfully

18-05-2024T18:48:42 - [TEST_STEP][PASSED] - click(findTestObject("Object Repository/NavigationJpet/Page_JPetStore Demo/a_Enter the Store")): Object: 'Object Repository/NavigationJpet/Page_JPetStore Demo/a_Enter the Store' is clicked on

18-05-2024T18:48:44 - [MESSAGE][PASSED] - Object: 'Object Repository/NavigationJpet/Page_JPetStore Demo/a_Enter the Store' is clicked on

18-05-2024T18:48:44 - [TEST_STEP][PASSED] - click(findTestObject("Object Repository/NavigationJpet/Page_JPetStore Demo/a_Sign In")): Object: 'Object Repository/NavigationJpet/Page_JPetStore Demo/a_Sign In' is clicked on

18-05-2024T18:48:44 - [MESSAGE][PASSED] - Object: 'Object Repository/NavigationJpet/Page_JPetStore Demo/a_Sign In' is clicked on

18-05-2024T18:48:44 - [TEST_STEP][PASSED] - setText(findTestObject("Object Repository/NavigationJpet/Page_JPetStore Demo/input_Need a user name and password_username"), "mohan1"): Text 'mohan1' is set on object 'Object Repository/NavigationJpet/Page_JPetStore Demo/input_Need a user name and password_username'

18-05-2024T18:49:16 - [MESSAGE][INFO] - Unable to find the element located by 'By.xpath: //input[@id='stripes--837349508']'. Please recheck the objects properties to make sure the desired element is located. 

18-05-2024T18:49:16 - [MESSAGE][WARNING] - [SELF-HEALING] Failed to find element with id 'Object Repository/NavigationJpet/Page_JPetStore Demo/input_Need a user name and password_username'. Try using Self-healing.

18-05-2024T18:49:16 - [MESSAGE][WARNING] - [SELF-HEALING] The current locator of test object 'Object Repository/NavigationJpet/Page_JPetStore Demo/input_Need a user name and password_username' was broken. Propose an alternative one: '//div[@id='Catalog']/form/p[2]/input'.

18-05-2024T18:49:47 - [MESSAGE][INFO] - Unable to find the element located by 'By.xpath: //input[@id='stripes--837349508']'. Please recheck the objects properties to make sure the desired element is located. 

18-05-2024T18:49:47 - [MESSAGE][WARNING] - [SELF-HEALING] Failed to find element with id 'Object Repository/NavigationJpet/Page_JPetStore Demo/input_Need a user name and password_username'. Try using Self-healing.

18-05-2024T18:49:48 - [MESSAGE][WARNING] - [SELF-HEALING] The current locator of test object 'Object Repository/NavigationJpet/Page_JPetStore Demo/input_Need a user name and password_username' was broken. Propose an alternative one: '//div[@id='Catalog']/form/p[2]/input'.

18-05-2024T18:49:48 - [MESSAGE][PASSED] - Text 'mohan1' is set on object 'Object Repository/NavigationJpet/Page_JPetStore Demo/input_Need a user name and password_username'

18-05-2024T18:49:48 - [TEST_STEP][PASSED] - setEncryptedText(findTestObject("Object Repository/NavigationJpet/Page_JPetStore Demo/input_Need a user name and password_password"), "NXt0rM6HQe0="): Text ****** has been set on object 'Object Repository/NavigationJpet/Page_JPetStore Demo/input_Need a user name and password_password'

18-05-2024T18:49:48 - [MESSAGE][PASSED] - Text ****** has been set on object 'Object Repository/NavigationJpet/Page_JPetStore Demo/input_Need a user name and password_password'

18-05-2024T18:49:48 - [TEST_STEP][PASSED] - click(findTestObject("Object Repository/NavigationJpet/Page_JPetStore Demo/input_Need a user name and password_signon")): Object: 'Object Repository/NavigationJpet/Page_JPetStore Demo/input_Need a user name and password_signon' is clicked on

18-05-2024T18:49:49 - [MESSAGE][PASSED] - Object: 'Object Repository/NavigationJpet/Page_JPetStore Demo/input_Need a user name and password_signon' is clicked on

18-05-2024T18:49:49 - [TEST_STEP][PASSED] - click(findTestObject("Object Repository/NavigationJpet/Page_JPetStore Demo/img")): Object: 'Object Repository/NavigationJpet/Page_JPetStore Demo/img' is clicked on

18-05-2024T18:49:50 - [MESSAGE][PASSED] - Object: 'Object Repository/NavigationJpet/Page_JPetStore Demo/img' is clicked on

18-05-2024T18:49:50 - [TEST_STEP][PASSED] - click(findTestObject("Object Repository/NavigationJpet/Page_JPetStore Demo/a_FI-SW-01")): Object: 'Object Repository/NavigationJpet/Page_JPetStore Demo/a_FI-SW-01' is clicked on

18-05-2024T18:49:51 - [MESSAGE][PASSED] - Object: 'Object Repository/NavigationJpet/Page_JPetStore Demo/a_FI-SW-01' is clicked on

18-05-2024T18:49:51 - [TEST_STEP][PASSED] - click(findTestObject("Object Repository/NavigationJpet/Page_JPetStore Demo/a_EST-1")): Object: 'Object Repository/NavigationJpet/Page_JPetStore Demo/a_EST-1' is clicked on

18-05-2024T18:49:52 - [MESSAGE][PASSED] - Object: 'Object Repository/NavigationJpet/Page_JPetStore Demo/a_EST-1' is clicked on

18-05-2024T18:49:52 - [TEST_STEP][PASSED] - click(findTestObject("Object Repository/NavigationJpet/Page_JPetStore Demo/img_1")): Object: 'Object Repository/NavigationJpet/Page_JPetStore Demo/img_1' is clicked on

18-05-2024T18:49:52 - [MESSAGE][PASSED] - Object: 'Object Repository/NavigationJpet/Page_JPetStore Demo/img_1' is clicked on

18-05-2024T18:49:52 - [TEST_STEP][PASSED] - click(findTestObject("Object Repository/NavigationJpet/Page_JPetStore Demo/a_K9-BD-01")): Object: 'Object Repository/NavigationJpet/Page_JPetStore Demo/a_K9-BD-01' is clicked on

18-05-2024T18:49:53 - [MESSAGE][PASSED] - Object: 'Object Repository/NavigationJpet/Page_JPetStore Demo/a_K9-BD-01' is clicked on

18-05-2024T18:49:53 - [TEST_STEP][PASSED] - click(findTestObject("Object Repository/NavigationJpet/Page_JPetStore Demo/a_EST-6")): Object: 'Object Repository/NavigationJpet/Page_JPetStore Demo/a_EST-6' is clicked on

18-05-2024T18:49:54 - [MESSAGE][PASSED] - Object: 'Object Repository/NavigationJpet/Page_JPetStore Demo/a_EST-6' is clicked on

18-05-2024T18:49:54 - [TEST_STEP][PASSED] - click(findTestObject("Object Repository/NavigationJpet/Page_JPetStore Demo/img_1_2")): Object: 'Object Repository/NavigationJpet/Page_JPetStore Demo/img_1_2' is clicked on

18-05-2024T18:49:55 - [MESSAGE][PASSED] - Object: 'Object Repository/NavigationJpet/Page_JPetStore Demo/img_1_2' is clicked on

18-05-2024T18:49:55 - [TEST_STEP][PASSED] - click(findTestObject("Object Repository/NavigationJpet/Page_JPetStore Demo/a_RP-SN-01")): Object: 'Object Repository/NavigationJpet/Page_JPetStore Demo/a_RP-SN-01' is clicked on

18-05-2024T18:49:56 - [MESSAGE][PASSED] - Object: 'Object Repository/NavigationJpet/Page_JPetStore Demo/a_RP-SN-01' is clicked on

18-05-2024T18:49:56 - [TEST_STEP][PASSED] - click(findTestObject("Object Repository/NavigationJpet/Page_JPetStore Demo/a_EST-11")): Object: 'Object Repository/NavigationJpet/Page_JPetStore Demo/a_EST-11' is clicked on

18-05-2024T18:49:57 - [MESSAGE][PASSED] - Object: 'Object Repository/NavigationJpet/Page_JPetStore Demo/a_EST-11' is clicked on

18-05-2024T18:49:57 - [TEST_STEP][PASSED] - click(findTestObject("Object Repository/NavigationJpet/Page_JPetStore Demo/img_1_2_3")): Object: 'Object Repository/NavigationJpet/Page_JPetStore Demo/img_1_2_3' is clicked on

18-05-2024T18:49:58 - [MESSAGE][PASSED] - Object: 'Object Repository/NavigationJpet/Page_JPetStore Demo/img_1_2_3' is clicked on

18-05-2024T18:49:58 - [TEST_STEP][PASSED] - click(findTestObject("Object Repository/NavigationJpet/Page_JPetStore Demo/a_FL-DSH-01")): Object: 'Object Repository/NavigationJpet/Page_JPetStore Demo/a_FL-DSH-01' is clicked on

18-05-2024T18:49:58 - [MESSAGE][PASSED] - Object: 'Object Repository/NavigationJpet/Page_JPetStore Demo/a_FL-DSH-01' is clicked on

18-05-2024T18:49:58 - [TEST_STEP][PASSED] - click(findTestObject("Object Repository/NavigationJpet/Page_JPetStore Demo/a_EST-14")): Object: 'Object Repository/NavigationJpet/Page_JPetStore Demo/a_EST-14' is clicked on

18-05-2024T18:49:59 - [MESSAGE][PASSED] - Object: 'Object Repository/NavigationJpet/Page_JPetStore Demo/a_EST-14' is clicked on

18-05-2024T18:49:59 - [TEST_STEP][PASSED] - click(findTestObject("Object Repository/NavigationJpet/Page_JPetStore Demo/img_1_2_3_4")): Object: 'Object Repository/NavigationJpet/Page_JPetStore Demo/img_1_2_3_4' is clicked on

18-05-2024T18:50:00 - [MESSAGE][PASSED] - Object: 'Object Repository/NavigationJpet/Page_JPetStore Demo/img_1_2_3_4' is clicked on

18-05-2024T18:50:00 - [TEST_STEP][PASSED] - click(findTestObject("Object Repository/NavigationJpet/Page_JPetStore Demo/a_AV-CB-01")): Object: 'Object Repository/NavigationJpet/Page_JPetStore Demo/a_AV-CB-01' is clicked on

18-05-2024T18:50:01 - [MESSAGE][PASSED] - Object: 'Object Repository/NavigationJpet/Page_JPetStore Demo/a_AV-CB-01' is clicked on

18-05-2024T18:50:01 - [TEST_STEP][PASSED] - click(findTestObject("Object Repository/NavigationJpet/Page_JPetStore Demo/a_Sign Out")): Object: 'Object Repository/NavigationJpet/Page_JPetStore Demo/a_Sign Out' is clicked on

18-05-2024T18:50:02 - [MESSAGE][PASSED] - Object: 'Object Repository/NavigationJpet/Page_JPetStore Demo/a_Sign Out' is clicked on

18-05-2024T18:50:02 - [TEST_STEP][PASSED] - closeBrowser(): Browser is closed

18-05-2024T18:50:03 - [MESSAGE][PASSED] - Browser is closed]]></system-out>
         <system-err><![CDATA[]]></system-err>
      </testcase>
      <testcase name="Test Cases/orderJpet" time="18.231" classname="Test Cases/orderJpet" status="PASSED">
         <system-out><![CDATA[18-05-2024T18:50:03 - [TEST_CASE][PASSED] - Test Cases/orderJpet: Test Cases/orderJpet

18-05-2024T18:50:03 - [TEST_STEP][PASSED] - openBrowser(""): Browser is opened with url: ''

18-05-2024T18:50:03 - [MESSAGE][INFO] - Starting 'Edge Chromium' driver

18-05-2024T18:50:06 - [MESSAGE][INFO] - Action delay is set to 0 milliseconds

18-05-2024T18:50:08 - [MESSAGE][PASSED] - Browser is opened with url: ''

18-05-2024T18:50:08 - [TEST_STEP][PASSED] - navigateToUrl("https://petstore.octoperf.com/"): Navigate to 'https://petstore.octoperf.com/' successfully

18-05-2024T18:50:10 - [MESSAGE][PASSED] - Navigate to 'https://petstore.octoperf.com/' successfully

18-05-2024T18:50:10 - [TEST_STEP][PASSED] - click(findTestObject("Object Repository/orderJpet/Page_JPetStore Demo/a_Enter the Store")): Object: 'Object Repository/orderJpet/Page_JPetStore Demo/a_Enter the Store' is clicked on

18-05-2024T18:50:11 - [MESSAGE][PASSED] - Object: 'Object Repository/orderJpet/Page_JPetStore Demo/a_Enter the Store' is clicked on

18-05-2024T18:50:11 - [TEST_STEP][PASSED] - click(findTestObject("Object Repository/orderJpet/Page_JPetStore Demo/a_Sign In")): Object: 'Object Repository/orderJpet/Page_JPetStore Demo/a_Sign In' is clicked on

18-05-2024T18:50:12 - [MESSAGE][PASSED] - Object: 'Object Repository/orderJpet/Page_JPetStore Demo/a_Sign In' is clicked on

18-05-2024T18:50:12 - [TEST_STEP][PASSED] - setText(findTestObject("Object Repository/orderJpet/Page_JPetStore Demo/input_Need a user name and password_username"), "mohan1"): Text 'mohan1' is set on object 'Object Repository/orderJpet/Page_JPetStore Demo/input_Need a user name and password_username'

18-05-2024T18:50:13 - [MESSAGE][PASSED] - Text 'mohan1' is set on object 'Object Repository/orderJpet/Page_JPetStore Demo/input_Need a user name and password_username'

18-05-2024T18:50:13 - [TEST_STEP][PASSED] - setEncryptedText(findTestObject("Object Repository/orderJpet/Page_JPetStore Demo/input_Need a user name and password_password"), "NXt0rM6HQe0="): Text ****** has been set on object 'Object Repository/orderJpet/Page_JPetStore Demo/input_Need a user name and password_password'

18-05-2024T18:50:13 - [MESSAGE][PASSED] - Text ****** has been set on object 'Object Repository/orderJpet/Page_JPetStore Demo/input_Need a user name and password_password'

18-05-2024T18:50:13 - [TEST_STEP][PASSED] - click(findTestObject("Object Repository/orderJpet/Page_JPetStore Demo/input_Need a user name and password_signon")): Object: 'Object Repository/orderJpet/Page_JPetStore Demo/input_Need a user name and password_signon' is clicked on

18-05-2024T18:50:14 - [MESSAGE][PASSED] - Object: 'Object Repository/orderJpet/Page_JPetStore Demo/input_Need a user name and password_signon' is clicked on

18-05-2024T18:50:14 - [TEST_STEP][PASSED] - click(findTestObject("Object Repository/orderJpet/Page_JPetStore Demo/img")): Object: 'Object Repository/orderJpet/Page_JPetStore Demo/img' is clicked on

18-05-2024T18:50:15 - [MESSAGE][PASSED] - Object: 'Object Repository/orderJpet/Page_JPetStore Demo/img' is clicked on

18-05-2024T18:50:15 - [TEST_STEP][PASSED] - click(findTestObject("Object Repository/orderJpet/Page_JPetStore Demo/a_FI-SW-01")): Object: 'Object Repository/orderJpet/Page_JPetStore Demo/a_FI-SW-01' is clicked on

18-05-2024T18:50:16 - [MESSAGE][PASSED] - Object: 'Object Repository/orderJpet/Page_JPetStore Demo/a_FI-SW-01' is clicked on

18-05-2024T18:50:16 - [TEST_STEP][PASSED] - click(findTestObject("Object Repository/orderJpet/Page_JPetStore Demo/a_Add to Cart")): Object: 'Object Repository/orderJpet/Page_JPetStore Demo/a_Add to Cart' is clicked on

18-05-2024T18:50:17 - [MESSAGE][PASSED] - Object: 'Object Repository/orderJpet/Page_JPetStore Demo/a_Add to Cart' is clicked on

18-05-2024T18:50:17 - [TEST_STEP][PASSED] - click(findTestObject("Object Repository/orderJpet/Page_JPetStore Demo/a_Proceed to Checkout")): Object: 'Object Repository/orderJpet/Page_JPetStore Demo/a_Proceed to Checkout' is clicked on

18-05-2024T18:50:17 - [MESSAGE][PASSED] - Object: 'Object Repository/orderJpet/Page_JPetStore Demo/a_Proceed to Checkout' is clicked on

18-05-2024T18:50:17 - [TEST_STEP][PASSED] - click(findTestObject("Object Repository/orderJpet/Page_JPetStore Demo/input_Ship to different address_newOrder")): Object: 'Object Repository/orderJpet/Page_JPetStore Demo/input_Ship to different address_newOrder' is clicked on

18-05-2024T18:50:18 - [MESSAGE][PASSED] - Object: 'Object Repository/orderJpet/Page_JPetStore Demo/input_Ship to different address_newOrder' is clicked on

18-05-2024T18:50:18 - [TEST_STEP][PASSED] - click(findTestObject("Object Repository/orderJpet/Page_JPetStore Demo/a_Confirm")): Object: 'Object Repository/orderJpet/Page_JPetStore Demo/a_Confirm' is clicked on

18-05-2024T18:50:19 - [MESSAGE][PASSED] - Object: 'Object Repository/orderJpet/Page_JPetStore Demo/a_Confirm' is clicked on

18-05-2024T18:50:19 - [TEST_STEP][PASSED] - verifyElementText(findTestObject("Object Repository/orderJpet/Page_JPetStore Demo/li_Thank you, your order has been submitted"), "Thank you, your order has been submitted."): Actual text and expected text of test object 'Object Repository/orderJpet/Page_JPetStore Demo/li_Thank you, your order has been submitted' are matched.

18-05-2024T18:50:19 - [MESSAGE][PASSED] - Actual text and expected text of test object 'Object Repository/orderJpet/Page_JPetStore Demo/li_Thank you, your order has been submitted' are matched.

18-05-2024T18:50:19 - [TEST_STEP][PASSED] - click(findTestObject("Object Repository/orderJpet/Page_JPetStore Demo/a_Sign Out")): Object: 'Object Repository/orderJpet/Page_JPetStore Demo/a_Sign Out' is clicked on

18-05-2024T18:50:20 - [MESSAGE][PASSED] - Object: 'Object Repository/orderJpet/Page_JPetStore Demo/a_Sign Out' is clicked on

18-05-2024T18:50:20 - [TEST_STEP][PASSED] - closeBrowser(): Browser is closed

18-05-2024T18:50:21 - [MESSAGE][PASSED] - Browser is closed]]></system-out>
         <system-err><![CDATA[]]></system-err>
      </testcase>
      <system-out><![CDATA[18-05-2024T18:48:19 - [TEST_SUITE][PASSED] - MiscellaneousJpet: Test Cases/orderJpet]]></system-out>
      <system-err><![CDATA[]]></system-err>
   </testsuite>
</testsuites>
